#
# There is insufficient memory for the Java Runtime Environment to continue.
# Native memory allocation (malloc) failed to allocate 27525120 bytes for committing reserved memory.
# Possible reasons:
#   The system is out of physical RAM or swap space
#   In 32 bit mode, the process size limit was hit
# Possible solutions:
#   Reduce memory load on the system
#   Increase physical memory or swap space
#   Check if swap backing store is full
#   Use 64 bit Java on a 64 bit OS
#   Decrease Java heap size (-Xmx/-Xms)
#   Decrease number of Java threads
#   Decrease Java thread stack sizes (-Xss)
#   Set larger code cache with -XX:ReservedCodeCacheSize=
# This output file may be truncated or incomplete.
#
#  Out of Memory Error (os_linux.cpp:2798), pid=6241, tid=1605368640
#
# JRE version: OpenJDK Runtime Environment (7.0_65-b32) (build 1.7.0_65-b32)
# Java VM: OpenJDK Server VM (24.65-b04 mixed mode linux-x86 )
# Derivative: IcedTea 2.5.2
# Distribution: Ubuntu 14.04 LTS, package 7u65-2.5.2-3~14.04
# Failed to write core dump. Core dumps have been disabled. To enable core dumping, try "ulimit -c unlimited" before starting Java again
#

---------------  T H R E A D  ---------------

Current thread (0x5fb10400):  VMThread [stack: 0x5fa7f000,0x5fb00000] [id=6247]

Stack: [0x5fa7f000,0x5fb00000]
VM_Operation (0x5e3fcde8): ParallelGCFailedAllocation, mode: safepoint, requested by thread 0x095a3400


---------------  P R O C E S S  ---------------

Java Threads: ( => current thread )
  0x62bedc00 JavaThread "Stdin handler" [_thread_blocked, id=6804, stack(0x5e30d000,0x5e35e000)]
  0x62b84000 JavaThread "Handler for socket connection at /127.0.0.1:59425 with /127.0.0.1:39144" [_thread_in_native, id=6801, stack(0x5e35e000,0x5e3af000)]
  0x095a3400 JavaThread "Daemon Thread 2" [_thread_blocked, id=6800, stack(0x5e3af000,0x5e400000)]
  0x5d83c400 JavaThread "File lock request listener" [_thread_in_native, id=6268, stack(0x5e12a000,0x5e17b000)]
  0x5e21f000 JavaThread "Incoming local TCP Connector on port 59425" [_thread_in_native, id=6256, stack(0x5e63b000,0x5e68c000)]
  0x5fb2a000 JavaThread "Service Thread" daemon [_thread_blocked, id=6253, stack(0x5f508000,0x5f559000)]
  0x5fb28400 JavaThread "C2 CompilerThread1" daemon [_thread_blocked, id=6252, stack(0x5f559000,0x5f5da000)]
  0x5fb26400 JavaThread "C2 CompilerThread0" daemon [_thread_blocked, id=6251, stack(0x5f5da000,0x5f65b000)]
  0x5fb24800 JavaThread "Signal Dispatcher" daemon [_thread_blocked, id=6250, stack(0x5f65b000,0x5f6ac000)]
  0x5fb14000 JavaThread "Finalizer" daemon [_thread_blocked, id=6249, stack(0x5f9dd000,0x5fa2e000)]
  0x5fb12800 JavaThread "Reference Handler" daemon [_thread_blocked, id=6248, stack(0x5fa2e000,0x5fa7f000)]
  0xb6407800 JavaThread "main" [_thread_blocked, id=6244, stack(0xb6591000,0xb65e2000)]

Other Threads:
=>0x5fb10400 VMThread [stack: 0x5fa7f000,0x5fb00000] [id=6247]
  0x5fb2c000 WatcherThread [stack: 0x5f487000,0x5f508000] [id=6254]

VM state:at safepoint (normal execution)

VM Mutex/Monitor currently owned by a thread:  ([mutex/lock_event])
[0xb6404bd0] ExpandHeap_lock - owner thread: 0x5fb10400
[0xb6405118] Threads_lock - owner thread: 0x5fb10400
[0xb6405528] Heap_lock - owner thread: 0x095a3400

Heap
 PSYoungGen      total 340224K, used 19415K [0x9ddc0000, 0xb3340000, 0xb3340000)
  eden space 330752K, 5% used [0x9ddc0000,0x9f0b5c00,0xb20c0000)
  from space 9472K, 0% used [0xb20c0000,0xb20c0000,0xb2a00000)
  to   space 9472K, 0% used [0xb2a00000,0xb2a00000,0xb3340000)
 ParOldGen       total 37888K, used 37875K [0x73340000, 0x75840000, 0x9ddc0000)
  object space 37888K, 99% used [0x73340000,0x7583cd28,0x75840000)
 PSPermGen       total 46592K, used 31037K [0x63340000, 0x660c0000, 0x73340000)
  object space 46592K, 66% used [0x63340000,0x6518f5b8,0x660c0000)

Card table byte_map: [0x630bf000,0x63340000] byte_map_base: 0x62da5600

Polling page: 0xb778f000

Code Cache  [0xb3400000, 0xb37f8000, 0xb6400000)
 total_blobs=1251 nmethods=859 adapters=345 free_code_cache=45180Kb largest_free_block=46180800

Compilation events (10 events):
Event: 849,942 Thread 0x5fb26400  949             java.net.URLClassLoader$2::run (5 bytes)
Event: 849,946 Thread 0x5fb28400  950             java.net.URLClassLoader$2::run (16 bytes)
Event: 849,951 Thread 0x5fb28400 nmethod 950 0xb34b6f48 code [0xb34b7060, 0xb34b71b0]
Event: 849,951 Thread 0x5fb26400 nmethod 949 0xb34b6a88 code [0xb34b6ba0, 0xb34b6cf0]
Event: 850,263 Thread 0x5fb28400  951             java.lang.ClassLoader::getResource (36 bytes)
Event: 850,265 Thread 0x5fb28400 nmethod 951 0xb34b6748 code [0xb34b6860, 0xb34b691c]
Event: 850,294 Thread 0x5fb26400  952             java.net.URLClassLoader::findResource (37 bytes)
Event: 850,297 Thread 0x5fb26400 nmethod 952 0xb34b6408 code [0xb34b6520, 0xb34b6624]
Event: 850,538 Thread 0x5fb28400  953             groovy.lang.GroovyClassLoader::loadClass (9 bytes)
Event: 850,539 Thread 0x5fb28400 nmethod 953 0xb3692808 code [0xb3692900, 0xb369299c]

GC Heap History (10 events):
Event: 20,134 GC heap after
Heap after GC invocations=15 (full 0):
 PSYoungGen      total 259072K, used 7166K [0x9ddc0000, 0xb3340000, 0xb3340000)
  eden space 251904K, 0% used [0x9ddc0000,0x9ddc0000,0xad3c0000)
  from space 7168K, 99% used [0xad3c0000,0xadabfb70,0xadac0000)
  to   space 8960K, 0% used [0xb2a80000,0xb2a80000,0xb3340000)
 ParOldGen       total 20736K, used 16875K [0x73340000, 0x74780000, 0x9ddc0000)
  object space 20736K, 81% used [0x73340000,0x743bae68,0x74780000)
 PSPermGen       total 16384K, used 16001K [0x63340000, 0x64340000, 0x73340000)
  object space 16384K, 97% used [0x63340000,0x642e0418,0x64340000)
}
Event: 25,267 GC heap before
{Heap before GC invocations=16 (full 0):
 PSYoungGen      total 259072K, used 259070K [0x9ddc0000, 0xb3340000, 0xb3340000)
  eden space 251904K, 100% used [0x9ddc0000,0xad3c0000,0xad3c0000)
  from space 7168K, 99% used [0xad3c0000,0xadabfb70,0xadac0000)
  to   space 8960K, 0% used [0xb2a80000,0xb2a80000,0xb3340000)
 ParOldGen       total 20736K, used 16875K [0x73340000, 0x74780000, 0x9ddc0000)
  object space 20736K, 81% used [0x73340000,0x743bae68,0x74780000)
 PSPermGen       total 18688K, used 18594K [0x63340000, 0x64580000, 0x73340000)
  object space 18688K, 99% used [0x63340000,0x64568b18,0x64580000)
Event: 25,324 GC heap after
Heap after GC invocations=16 (full 0):
 PSYoungGen      total 339712K, used 5706K [0x9ddc0000, 0xb3340000, 0xb3340000)
  eden space 330752K, 0% used [0x9ddc0000,0x9ddc0000,0xb20c0000)
  from space 8960K, 63% used [0xb2a80000,0xb3012a20,0xb3340000)
  to   space 9472K, 0% used [0xb20c0000,0xb20c0000,0xb2a00000)
 ParOldGen       total 23040K, used 23014K [0x73340000, 0x749c0000, 0x9ddc0000)
  object space 23040K, 99% used [0x73340000,0x749b9b88,0x749c0000)
 PSPermGen       total 18688K, used 18594K [0x63340000, 0x64580000, 0x73340000)
  object space 18688K, 99% used [0x63340000,0x64568b18,0x64580000)
}
Event: 25,357 GC heap before
{Heap before GC invocations=17 (full 1):
 PSYoungGen      total 339712K, used 5706K [0x9ddc0000, 0xb3340000, 0xb3340000)
  eden space 330752K, 0% used [0x9ddc0000,0x9ddc0000,0xb20c0000)
  from space 8960K, 63% used [0xb2a80000,0xb3012a20,0xb3340000)
  to   space 9472K, 0% used [0xb20c0000,0xb20c0000,0xb2a00000)
 ParOldGen       total 23040K, used 23014K [0x73340000, 0x749c0000, 0x9ddc0000)
  object space 23040K, 99% used [0x73340000,0x749b9b88,0x749c0000)
 PSPermGen       total 18688K, used 18594K [0x63340000, 0x64580000, 0x73340000)
  object space 18688K, 99% used [0x63340000,0x64568b18,0x64580000)
Event: 25,681 GC heap after
Heap after GC invocations=17 (full 1):
 PSYoungGen      total 339712K, used 0K [0x9ddc0000, 0xb3340000, 0xb3340000)
  eden space 330752K, 0% used [0x9ddc0000,0x9ddc0000,0xb20c0000)
  from space 8960K, 0% used [0xb2a80000,0xb2a80000,0xb3340000)
  to   space 9472K, 0% used [0xb20c0000,0xb20c0000,0xb2a00000)
 ParOldGen       total 37888K, used 20639K [0x73340000, 0x75840000, 0x9ddc0000)
  object space 37888K, 54% used [0x73340000,0x74767cd8,0x75840000)
 PSPermGen       total 37120K, used 18508K [0x63340000, 0x65780000, 0x73340000)
  object space 37120K, 49% used [0x63340000,0x64553388,0x65780000)
}
Event: 36,713 GC heap before
{Heap before GC invocations=18 (full 1):
 PSYoungGen      total 339712K, used 243131K [0x9ddc0000, 0xb3340000, 0xb3340000)
  eden space 330752K, 73% used [0x9ddc0000,0xacb2edc8,0xb20c0000)
  from space 8960K, 0% used [0xb2a80000,0xb2a80000,0xb3340000)
  to   space 9472K, 0% used [0xb20c0000,0xb20c0000,0xb2a00000)
 ParOldGen       total 37888K, used 20639K [0x73340000, 0x75840000, 0x9ddc0000)
  object space 37888K, 54% used [0x73340000,0x74767cd8,0x75840000)
 PSPermGen       total 37120K, used 24908K [0x63340000, 0x65780000, 0x73340000)
  object space 37120K, 67% used [0x63340000,0x64b93348,0x65780000)
Event: 36,890 GC heap after
Heap after GC invocations=18 (full 1):
 PSYoungGen      total 340224K, used 9459K [0x9ddc0000, 0xb3340000, 0xb3340000)
  eden space 330752K, 0% used [0x9ddc0000,0x9ddc0000,0xb20c0000)
  from space 9472K, 99% used [0xb20c0000,0xb29fce60,0xb2a00000)
  to   space 9472K, 0% used [0xb2a00000,0xb2a00000,0xb3340000)
 ParOldGen       total 37888K, used 37455K [0x73340000, 0x75840000, 0x9ddc0000)
  object space 37888K, 98% used [0x73340000,0x757d3d38,0x75840000)
 PSPermGen       total 37120K, used 24908K [0x63340000, 0x65780000, 0x73340000)
  object space 37120K, 67% used [0x63340000,0x64b93348,0x65780000)
}
Event: 36,890 GC heap before
{Heap before GC invocations=19 (full 2):
 PSYoungGen      total 340224K, used 9459K [0x9ddc0000, 0xb3340000, 0xb3340000)
  eden space 330752K, 0% used [0x9ddc0000,0x9ddc0000,0xb20c0000)
  from space 9472K, 99% used [0xb20c0000,0xb29fce60,0xb2a00000)
  to   space 9472K, 0% used [0xb2a00000,0xb2a00000,0xb3340000)
 ParOldGen       total 37888K, used 37455K [0x73340000, 0x75840000, 0x9ddc0000)
  object space 37888K, 98% used [0x73340000,0x757d3d38,0x75840000)
 PSPermGen       total 37120K, used 24908K [0x63340000, 0x65780000, 0x73340000)
  object space 37120K, 67% used [0x63340000,0x64b93348,0x65780000)
Event: 37,825 GC heap after
Heap after GC invocations=19 (full 2):
 PSYoungGen      total 340224K, used 4086K [0x9ddc0000, 0xb3340000, 0xb3340000)
  eden space 330752K, 0% used [0x9ddc0000,0x9ddc0000,0xb20c0000)
  from space 9472K, 43% used [0xb20c0000,0xb24bdb98,0xb2a00000)
  to   space 9472K, 0% used [0xb2a00000,0xb2a00000,0xb3340000)
 ParOldGen       total 37888K, used 37753K [0x73340000, 0x75840000, 0x9ddc0000)
  object space 37888K, 99% used [0x73340000,0x7581e560,0x75840000)
 PSPermGen       total 46592K, used 24896K [0x63340000, 0x660c0000, 0x73340000)
  object space 46592K, 53% used [0x63340000,0x64b90340,0x660c0000)
}
Event: 850,894 GC heap before
{Heap before GC invocations=20 (full 3):
 PSYoungGen      total 340224K, used 334838K [0x9ddc0000, 0xb3340000, 0xb3340000)
  eden space 330752K, 100% used [0x9ddc0000,0xb20c0000,0xb20c0000)
  from space 9472K, 43% used [0xb20c0000,0xb24bdb98,0xb2a00000)
  to   space 9472K, 0% used [0xb2a00000,0xb2a00000,0xb3340000)
 ParOldGen       total 37888K, used 37753K [0x73340000, 0x75840000, 0x9ddc0000)
  object space 37888K, 99% used [0x73340000,0x7581e560,0x75840000)
 PSPermGen       total 46592K, used 31072K [0x63340000, 0x660c0000, 0x73340000)
  object space 46592K, 66% used [0x63340000,0x65198238,0x660c0000)

Deoptimization events (10 events):
Event: 848,837 Thread 0x095a3400 Uncommon trap: reason=predicate action=maybe_recompile pc=0xb372e9cc method=java.util.Arrays.fill([Ljava/lang/Object;Ljava/lang/Object;)V @ 10
Event: 848,971 Thread 0x095a3400 Uncommon trap: reason=bimorphic action=maybe_recompile pc=0xb3658b44 method=java.util.regex.Pattern$Slice.match(Ljava/util/regex/Matcher;ILjava/lang/CharSequence;)Z @ 75
Event: 849,061 Thread 0x095a3400 Uncommon trap: reason=class_check action=maybe_recompile pc=0xb35b2d14 method=groovyjarjarantlr.CommonAST.initialize(Lgroovyjarjarantlr/Token;)V @ 2
Event: 849,062 Thread 0x095a3400 Uncommon trap: reason=class_check action=maybe_recompile pc=0xb35b2d14 method=groovyjarjarantlr.CommonAST.initialize(Lgroovyjarjarantlr/Token;)V @ 2
Event: 849,062 Thread 0x095a3400 Uncommon trap: reason=class_check action=maybe_recompile pc=0xb35b2d14 method=groovyjarjarantlr.CommonAST.initialize(Lgroovyjarjarantlr/Token;)V @ 2
Event: 849,062 Thread 0x095a3400 Uncommon trap: reason=class_check action=maybe_recompile pc=0xb35b2d14 method=groovyjarjarantlr.CommonAST.initialize(Lgroovyjarjarantlr/Token;)V @ 2
Event: 849,063 Thread 0x095a3400 Uncommon trap: reason=class_check action=maybe_recompile pc=0xb35c62f8 method=groovyjarjarantlr.CommonAST.initialize(Lgroovyjarjarantlr/Token;)V @ 2
Event: 849,063 Thread 0x095a3400 Uncommon trap: reason=class_check action=maybe_recompile pc=0xb35b57d8 method=groovyjarjarantlr.CommonAST.initialize(Lgroovyjarjarantlr/Token;)V @ 2
Event: 849,081 Thread 0x095a3400 Uncommon trap: reason=bimorphic action=maybe_recompile pc=0xb34b9050 method=java.util.HashMap$KeySet.iterator()Ljava/util/Iterator; @ 4
Event: 849,489 Thread 0x095a3400 Uncommon trap: reason=unreached action=reinterpret pc=0xb34b57b0 method=org.codehaus.groovy.ast.ClassNode.isResolved()Z @ 14

Internal exceptions (10 events):
Event: 850,721 Thread 0x095a3400 Threw 0xb2093700 at /build/buildd/openjdk-7-7u65-2.5.2/build/openjdk/hotspot/src/share/vm/prims/jvm.cpp:1247
Event: 850,721 Thread 0x095a3400 Threw 0xb20aacb8 at /build/buildd/openjdk-7-7u65-2.5.2/build/openjdk/hotspot/src/share/vm/prims/jvm.cpp:1247
Event: 850,722 Thread 0x095a3400 Threw 0xb20ac5b0 at /build/buildd/openjdk-7-7u65-2.5.2/build/openjdk/hotspot/src/share/vm/prims/jvm.cpp:1247
Event: 850,722 Thread 0x095a3400 Threw 0xb20adeb0 at /build/buildd/openjdk-7-7u65-2.5.2/build/openjdk/hotspot/src/share/vm/prims/jvm.cpp:1247
Event: 850,722 Thread 0x095a3400 Threw 0xb20af7b0 at /build/buildd/openjdk-7-7u65-2.5.2/build/openjdk/hotspot/src/share/vm/prims/jvm.cpp:1247
Event: 850,722 Thread 0x095a3400 Threw 0xb20b1118 at /build/buildd/openjdk-7-7u65-2.5.2/build/openjdk/hotspot/src/share/vm/prims/jvm.cpp:1247
Event: 850,722 Thread 0x095a3400 Threw 0xb20b2a88 at /build/buildd/openjdk-7-7u65-2.5.2/build/openjdk/hotspot/src/share/vm/prims/jvm.cpp:1247
Event: 850,722 Thread 0x095a3400 Threw 0xb20b39d0 at /build/buildd/openjdk-7-7u65-2.5.2/build/openjdk/hotspot/src/share/vm/prims/jvm.cpp:1247
Event: 850,722 Thread 0x095a3400 Threw 0xb20b4880 at /build/buildd/openjdk-7-7u65-2.5.2/build/openjdk/hotspot/src/share/vm/prims/jvm.cpp:1247
Event: 850,722 Thread 0x095a3400 Threw 0xb20b5730 at /build/buildd/openjdk-7-7u65-2.5.2/build/openjdk/hotspot/src/share/vm/prims/jvm.cpp:1247

Events (10 events):
Event: 849,081 Thread 0x095a3400 DEOPT PACKING pc=0xb34b9050 sp=0x5e3fe0a0
Event: 849,081 Thread 0x095a3400 DEOPT UNPACKING pc=0xb342cbc8 sp=0x5e3fe084 mode 2
Event: 849,081 Executing VM operation: RevokeBias
Event: 849,081 Executing VM operation: RevokeBias done
Event: 849,489 Thread 0x095a3400 Uncommon trap: trap_request=0xffffffad fr.pc=0xb34b57b0
Event: 849,489 Thread 0x095a3400 DEOPT PACKING pc=0xb34b57b0 sp=0x5e3fd820
Event: 849,489 Thread 0x095a3400 DEOPT UNPACKING pc=0xb342cbc8 sp=0x5e3fd804 mode 2
Event: 849,670 loading class 0x095783a8
Event: 849,701 loading class 0x095783a8 done
Event: 850,760 Executing VM operation: ParallelGCFailedAllocation


Dynamic libraries:
08048000-08049000 r-xp 00000000 08:06 1976875    /usr/lib/jvm/java-7-openjdk-i386/jre/bin/java
08049000-0804a000 r--p 00000000 08:06 1976875    /usr/lib/jvm/java-7-openjdk-i386/jre/bin/java
0804a000-0804b000 rw-p 00001000 08:06 1976875    /usr/lib/jvm/java-7-openjdk-i386/jre/bin/java
0951d000-0a153000 rw-p 00000000 00:00 0          [heap]
5c400000-5c4cb000 rw-p 00000000 00:00 0 
5c4cb000-5c500000 ---p 00000000 00:00 0 
5c500000-5c5c9000 rw-p 00000000 00:00 0 
5c5c9000-5c600000 ---p 00000000 00:00 0 
5c600000-5c6fe000 rw-p 00000000 00:00 0 
5c6fe000-5c700000 ---p 00000000 00:00 0 
5c800000-5c8fa000 rw-p 00000000 00:00 0 
5c8fa000-5c900000 ---p 00000000 00:00 0 
5c900000-5ca00000 rw-p 00000000 00:00 0 
5ca00000-5caf1000 rw-p 00000000 00:00 0 
5caf1000-5cb00000 ---p 00000000 00:00 0 
5cc00000-5cd00000 rw-p 00000000 00:00 0 
5cd5e000-5cd61000 ---p 00000000 00:00 0 
5cd61000-5cdaf000 rw-p 00000000 00:00 0 
5cdaf000-5cdb2000 ---p 00000000 00:00 0 
5cdb2000-5ce00000 rw-p 00000000 00:00 0 
5ce00000-5cefa000 rw-p 00000000 00:00 0 
5cefa000-5cf00000 ---p 00000000 00:00 0 
5cf00000-5cff8000 rw-p 00000000 00:00 0 
5cff8000-5d000000 ---p 00000000 00:00 0 
5d000000-5d0cd000 rw-p 00000000 00:00 0 
5d0cd000-5d100000 ---p 00000000 00:00 0 
5d10d000-5d110000 ---p 00000000 00:00 0 
5d110000-5d15e000 rw-p 00000000 00:00 0 
5d15e000-5d161000 ---p 00000000 00:00 0 
5d161000-5d1af000 rw-p 00000000 00:00 0 
5d1af000-5d1b2000 ---p 00000000 00:00 0 
5d1b2000-5d200000 rw-p 00000000 00:00 0 
5d200000-5d2f9000 rw-p 00000000 00:00 0 
5d2f9000-5d300000 ---p 00000000 00:00 0 
5d300000-5d3f8000 rw-p 00000000 00:00 0 
5d3f8000-5d400000 ---p 00000000 00:00 0 
5d400000-5d4e9000 rw-p 00000000 00:00 0 
5d4e9000-5d500000 ---p 00000000 00:00 0 
5d500000-5d5e0000 rw-p 00000000 00:00 0 
5d5e0000-5d600000 ---p 00000000 00:00 0 
5d600000-5d6fd000 rw-p 00000000 00:00 0 
5d6fd000-5d700000 ---p 00000000 00:00 0 
5d700000-5d7f2000 rw-p 00000000 00:00 0 
5d7f2000-5d800000 ---p 00000000 00:00 0 
5d800000-5d8fb000 rw-p 00000000 00:00 0 
5d8fb000-5d900000 ---p 00000000 00:00 0 
5d900000-5d9f5000 rw-p 00000000 00:00 0 
5d9f5000-5da00000 ---p 00000000 00:00 0 
5da00000-5daff000 rw-p 00000000 00:00 0 
5daff000-5db00000 ---p 00000000 00:00 0 
5db12000-5db15000 ---p 00000000 00:00 0 
5db15000-5db2d000 rw-p 00000000 00:00 0 
5db2d000-5db30000 ---p 00000000 00:00 0 
5db30000-5db7e000 rw-p 00000000 00:00 0 
5db7e000-5db80000 r--s 0000d000 00:18 1068915    /home/manu/.gradle/caches/modules-2/files-2.1/commons-codec/commons-codec/1.4/4216af16d38465bbab0f3dff8efa14204f7a399a/commons-codec-1.4.jar
5db80000-5db82000 r--s 0000d000 00:18 1068913    /home/manu/.gradle/caches/modules-2/files-2.1/commons-logging/commons-logging/1.1.1/5043bfebc3db072ed80fbd362e7caf00e885d8ae/commons-logging-1.1.1.jar
5db82000-5db87000 r--s 00028000 00:18 1068911    /home/manu/.gradle/caches/modules-2/files-2.1/org.apache.httpcomponents/httpcore/4.1/33fc26c02f8043ab0ede19eadc8c9885386b255c/httpcore-4.1.jar
5db87000-5db89000 r--s 00004000 00:18 943749     /home/manu/.gradle/caches/modules-2/files-2.1/org.ow2.asm/asm-tree/4.0/67bd266cd17adcee486b76952ece4cc85fe248b8/asm-tree-4.0.jar
5db89000-5db92000 r--s 000a7000 00:18 943747     /home/manu/.gradle/caches/modules-2/files-2.1/com.android.tools.external.lombok/lombok-ast/0.2.2/57e560b535ceaa14fb6f15422d74594acd6c5b64/lombok-ast-0.2.2.jar
5db92000-5db94000 r--s 0000a000 00:18 943745     /home/manu/.gradle/caches/modules-2/files-2.1/org.ow2.asm/asm/4.0/659add6efc75a4715d738e73f07505246edf4d66/asm-4.0.jar
5db94000-5dbc7000 r--s 00203000 00:18 943743     /home/manu/.gradle/caches/modules-2/files-2.1/org.bouncycastle/bcprov-jdk15on/1.48/960dea7c9181ba0b17e8bab0c06a43f0a5f04e65/bcprov-jdk15on-1.48.jar
5dbc7000-5dbf1000 r--s 001e9000 00:18 943741     /home/manu/.gradle/caches/modules-2/files-2.1/com.google.guava/guava/15.0/ed727a8d9f247e2050281cb083f1c77b09dcb5cd/guava-15.0.jar
5dbf1000-5dbf8000 r--s 00053000 00:18 943739     /home/manu/.gradle/caches/modules-2/files-2.1/org.apache.commons/commons-compress/1.8.1/a698750c16740fd5b3871425f4cb3bbaa87f529d/commons-compress-1.8.1.jar
5dbf8000-5dc00000 r--s 0004e000 00:18 816727     /home/manu/.gradle/caches/modules-2/files-2.1/org.apache.httpcomponents/httpclient/4.1.1/3d1d918f32709e33ba7ddb2c4e8d1c543ebe713e/httpclient-4.1.1.jar
5dc00000-5dcfc000 rw-p 00000000 00:00 0 
5dcfc000-5dd00000 ---p 00000000 00:00 0 
5dd00000-5de00000 rw-p 00000000 00:00 0 
5de00000-5defd000 rw-p 00000000 00:00 0 
5defd000-5df00000 ---p 00000000 00:00 0 
5df01000-5df02000 r--s 00005000 00:18 943737     /home/manu/.gradle/caches/modules-2/files-2.1/com.android.tools/dvlib/23.0.2/e37720cb9d7e2775a4b8b22b12bbb4bb9187c8bf/dvlib-23.0.2.jar
5df02000-5df04000 r--s 00005000 00:18 943735     /home/manu/.gradle/caches/modules-2/files-2.1/org.apache.httpcomponents/httpmime/4.1/9ba2dcdf94ce35c8a8e9bff242db0618ca932e92/httpmime-4.1.jar
5df04000-5df07000 r--s 00010000 00:18 816729     /home/manu/.gradle/caches/modules-2/files-2.1/com.android.tools.layoutlib/layoutlib-api/23.0.2/d97fb910dafd7b29bdff95296dcd2649fadef02e/layoutlib-api-23.0.2.jar
5df07000-5df08000 r--s 0000a000 00:18 816725     /home/manu/.gradle/caches/modules-2/files-2.1/net.sf.kxml/kxml2/2.3.0/ccbc77a5fd907ef863c29f3596c6f54ffa4e9442/kxml2-2.3.0.jar
5df08000-5df09000 r--s 00004000 00:18 671703     /home/manu/.gradle/caches/modules-2/files-2.1/org.ow2.asm/asm-analysis/4.0/1c45d52b6f6c638db13cf3ac12adeb56b254cdd7/asm-analysis-4.0.jar
5df09000-5df0c000 r--s 00027000 00:18 671701     /home/manu/.gradle/caches/modules-2/files-2.1/com.android.tools.lint/lint-api/23.0.2/9660c0f32f9308dd2ac998f4928cebcd4095b27/lint-api-23.0.2.jar
5df0c000-5df1a000 r--s 00081000 00:18 671699     /home/manu/.gradle/caches/modules-2/files-2.1/org.bouncycastle/bcpkix-jdk15on/1.48/28b7614b908a47844bb27e3c94b45b6893656265/bcpkix-jdk15on-1.48.jar
5df1a000-5df1c000 r--s 00002000 00:18 671697     /home/manu/.gradle/caches/modules-2/files-2.1/com.squareup/javawriter/2.5.0/81241ff7078ef14f42ea2a8995fa09c096256e6b/javawriter-2.5.0.jar
5df1c000-5df1d000 r--s 00000000 00:18 546000     /home/manu/.gradle/caches/modules-2/files-2.1/com.android.tools.build/builder-test-api/0.12.2/a7f31faaee3de23ba810c109abc1658715f4416d/builder-test-api-0.12.2.jar
5df1d000-5df20000 r--s 00012000 00:18 545998     /home/manu/.gradle/caches/modules-2/files-2.1/com.android.tools/common/23.0.2/4d5ff345915e0af52765039b75adce89fae798af/common-23.0.2.jar
5df20000-5df2a000 r--s 000a4000 00:18 545996     /home/manu/.gradle/caches/modules-2/files-2.1/com.android.tools/sdklib/23.0.2/74dc50f859e787a548641d613a04ce2a7cf48bee/sdklib-23.0.2.jar
5df2a000-5df2d000 r--s 00028000 00:18 545994     /home/manu/.gradle/caches/modules-2/files-2.1/com.android.tools.build/manifest-merger/23.0.2/93c8f86db4a5ad8e8f034c672b85594326268a9c/manifest-merger-23.0.2.jar
5df2d000-5df32000 r--s 0003d000 00:18 283492     /home/manu/.gradle/caches/modules-2/files-2.1/com.android.tools.ddms/ddmlib/23.0.2/3e454a33c6790eb497c725f346cd2b80cb67ff6d/ddmlib-23.0.2.jar
5df32000-5df37000 r--s 00044000 00:18 283488     /home/manu/.gradle/caches/modules-2/files-2.1/com.android.tools/sdk-common/23.0.2/ec49e38e6c2ae9d7003f7836fe865b39aeba77fe/sdk-common-23.0.2.jar
5df37000-5df46000 r--s 001a9000 00:18 283484     /home/manu/.gradle/caches/modules-2/files-2.1/org.eclipse.jdt.core.compiler/ecj/4.2.2/d9fd79499c664bccaf24dbe04be417de6c6af64a/ecj-4.2.2.jar
5df46000-5e000000 r--s 00fb5000 00:18 1877631    /home/manu/Android/android-studio/lib/openapi.jar
5e000000-5e0f2000 rw-p 00000000 00:00 0 
5e0f2000-5e100000 ---p 00000000 00:00 0 
5e100000-5e102000 r--s 00003000 00:18 283490     /home/manu/.gradle/caches/modules-2/files-2.1/com.android.tools.build/builder-model/0.12.2/ea4eff69bb86efd0e6b2055ba0b3314779033be6/builder-model-0.12.2.jar
5e102000-5e108000 r--s 00087000 00:18 283486     /home/manu/.gradle/caches/modules-2/files-2.1/com.android.tools.lint/lint-checks/23.0.2/e6fe7bac82c4845d3e69e0dd54b1801a91568ffd/lint-checks-23.0.2.jar
5e108000-5e118000 r--s 000c5000 00:18 283482     /home/manu/.gradle/caches/modules-2/files-2.1/net.sf.proguard/proguard-base/4.11/76730af417bb42da22b16e49f49e67863382b9bd/proguard-base-4.11.jar
5e118000-5e11b000 r--s 0002a000 00:18 283480     /home/manu/.gradle/caches/modules-2/files-2.1/com.android.tools.build/builder/0.12.2/3673e1c415b054caccc3231dcdff959cfcb315f6/builder-0.12.2.jar
5e11b000-5e11d000 r--s 00016000 00:18 2374321    /home/manu/.gradle/caches/modules-2/files-2.1/com.android.tools.lint/lint/23.0.2/e247d675952dd9f24f6b064bac3d7d1639d0043e/lint-23.0.2.jar
5e11d000-5e12a000 r--s 0010b000 00:18 2374317    /home/manu/.gradle/caches/modules-2/files-2.1/com.android.tools.build/gradle/0.12.2/786baefe9fc55777558acbba1bc1d9c6ec0925a8/gradle-0.12.2.jar
5e12a000-5e12d000 ---p 00000000 00:00 0 
5e12d000-5e17b000 rw-p 00000000 00:00 0          [stack:6268]
5e17b000-5e17e000 ---p 00000000 00:00 0 
5e17e000-5e196000 rw-p 00000000 00:00 0 
5e196000-5e200000 r--s 0069e000 08:06 1064380    /usr/lib/jvm/java-7-openjdk-i386/lib/tools.jar
5e200000-5e245000 rw-p 00000000 00:00 0 
5e245000-5e300000 ---p 00000000 00:00 0 
5e300000-5e301000 r--s 00002000 00:18 2374319    /home/manu/.gradle/caches/modules-2/files-2.1/net.sf.proguard/proguard-gradle/4.11/da875d4b67a8be6c770b11d894434843714ac69d/proguard-gradle-4.11.jar
5e301000-5e30a000 r--s 000b9000 08:06 1048598    /usr/lib/jvm/java-7-openjdk-i386/jre/lib/resources.jar
5e30a000-5e30c000 r--s 0001d000 00:18 816188     /home/manu/Android/android-studio/plugins/gradle/lib/gradle-tooling-extension-impl.jar
5e30c000-5e30d000 r--p 00000000 00:00 0 
5e30d000-5e310000 ---p 00000000 00:00 0 
5e310000-5e35e000 rw-p 00000000 00:00 0          [stack:6804]
5e35e000-5e361000 ---p 00000000 00:00 0 
5e361000-5e3af000 rw-p 00000000 00:00 0          [stack:6801]
5e3af000-5e3b2000 ---p 00000000 00:00 0 
5e3b2000-5e400000 rw-p 00000000 00:00 0          [stack:6800]
5e400000-5e4f9000 rw-p 00000000 00:00 0 
5e4f9000-5e500000 ---p 00000000 00:00 0 
5e500000-5e5fc000 rw-p 00000000 00:00 0 
5e5fc000-5e600000 ---p 00000000 00:00 0 
5e600000-5e602000 r--s 00003000 00:18 283053     /home/manu/Android/android-studio/plugins/android/lib/builder-model-0.12.0.jar
5e602000-5e603000 r--s 00000000 00:18 2373411    /home/manu/Android/android-studio/plugins/google-cloud-tools/lib/gradle-appengine-builder-model-0.1.0.jar
5e603000-5e605000 r--s 00005000 00:18 816189     /home/manu/Android/android-studio/plugins/gradle/lib/gradle-tooling-extension-api.jar
5e605000-5e60b000 r--s 00025000 00:18 816190     /home/manu/Android/android-studio/plugins/gradle/lib/gradle-base-services-2.0.jar
5e60b000-5e633000 r--s 001cf000 00:18 816180     /home/manu/Android/android-studio/plugins/gradle/lib/guava-jdk5-17.0.jar
5e633000-5e63b000 r--s 00027000 00:18 816192     /home/manu/Android/android-studio/plugins/gradle/lib/gradle-tooling-api-2.0.jar
5e63b000-5e63e000 ---p 00000000 00:00 0 
5e63e000-5e68c000 rw-p 00000000 00:00 0          [stack:6256]
5e68c000-5e690000 r-xp 00000000 08:06 2890252    /tmp/native-platform3699847396149719399dir/libnative-platform.so
5e690000-5e691000 rw-p 00003000 08:06 2890252    /tmp/native-platform3699847396149719399dir/libnative-platform.so
5e691000-5e696000 r--s 0004c000 08:06 1048600    /usr/lib/jvm/java-7-openjdk-i386/jre/lib/jsse.jar
5e696000-5e698000 r--s 00003000 00:18 2373562    /home/manu/.gradle/wrapper/dists/gradle-1.12-all/2apkk7d25miauqf1pdjp1bm0uo/gradle-1.12/lib/plugins/gradle-language-base-1.12.jar
5e698000-5e699000 r--s 00004000 00:18 2373561    /home/manu/.gradle/wrapper/dists/gradle-1.12-all/2apkk7d25miauqf1pdjp1bm0uo/gradle-1.12/lib/plugins/gradle-language-jvm-1.12.jar
5e699000-5e69e000 r--s 00029000 00:18 2373560    /home/manu/.gradle/wrapper/dists/gradle-1.12-all/2apkk7d25miauqf1pdjp1bm0uo/gradle-1.12/lib/plugins/gradle-build-init-1.12.jar
5e69e000-5e6a1000 r--s 0001f000 00:18 2373559    /home/manu/.gradle/wrapper/dists/gradle-1.12-all/2apkk7d25miauqf1pdjp1bm0uo/gradle-1.12/lib/plugins/gradle-jacoco-1.12.jar
5e6a1000-5e6a4000 r--s 0000c000 00:18 2373558    /home/manu/.gradle/wrapper/dists/gradle-1.12-all/2apkk7d25miauqf1pdjp1bm0uo/gradle-1.12/lib/plugins/gradle-ivy-1.12.jar
5e6a4000-5e6a6000 r--s 00002000 00:18 2373557    /home/manu/.gradle/wrapper/dists/gradle-1.12-all/2apkk7d25miauqf1pdjp1bm0uo/gradle-1.12/lib/plugins/gradle-publish-1.12.jar
5e6a6000-5e6a8000 r--s 00005000 00:18 2373587    /home/manu/.gradle/wrapper/dists/gradle-1.12-all/2apkk7d25miauqf1pdjp1bm0uo/gradle-1.12/lib/plugins/jatl-0.2.2.jar
5e6a8000-5e6aa000 r--s 00007000 00:18 2373556    /home/manu/.gradle/wrapper/dists/gradle-1.12-all/2apkk7d25miauqf1pdjp1bm0uo/gradle-1.12/lib/plugins/gradle-reporting-1.12.jar
5e6aa000-5e6af000 r--s 0003c000 00:18 2373555    /home/manu/.gradle/wrapper/dists/gradle-1.12-all/2apkk7d25miauqf1pdjp1bm0uo/gradle-1.12/lib/plugins/gradle-diagnostics-1.12.jar
5e6af000-5e6b6000 r--s 00094000 00:18 2373554    /home/manu/.gradle/wrapper/dists/gradle-1.12-all/2apkk7d25miauqf1pdjp1bm0uo/gradle-1.12/lib/plugins/gradle-build-comparison-1.12.jar
5e6b6000-5e6bd000 r--s 00035000 00:18 2373586    /home/manu/.gradle/wrapper/dists/gradle-1.12-all/2apkk7d25miauqf1pdjp1bm0uo/gradle-1.12/lib/plugins/simple-4.1.21.jar
5e6bd000-5e6c2000 r--s 0002a000 00:18 2373585    /home/manu/.gradle/wrapper/dists/gradle-1.12-all/2apkk7d25miauqf1pdjp1bm0uo/gradle-1.12/lib/plugins/gson-2.2.4.jar
5e6c2000-5e6d8000 r--s 000de000 00:18 2373551    /home/manu/.gradle/wrapper/dists/gradle-1.12-all/2apkk7d25miauqf1pdjp1bm0uo/gradle-1.12/lib/plugins/gradle-cpp-1.12.jar
5e6d8000-5e700000 r--s 00194000 00:18 2373596    /home/manu/.gradle/wrapper/dists/gradle-1.12-all/2apkk7d25miauqf1pdjp1bm0uo/gradle-1.12/lib/plugins/bcprov-jdk15-1.46.jar
5e700000-5e7fa000 rw-p 00000000 00:00 0 
5e7fa000-5e800000 ---p 00000000 00:00 0 
5e800000-5e80c000 r--s 00100000 00:18 2373584    /home/manu/.gradle/wrapper/dists/gradle-1.12-all/2apkk7d25miauqf1pdjp1bm0uo/gradle-1.12/lib/plugins/rhino-1.7R3.jar
5e80c000-5e811000 r--s 00021000 00:18 2373553    /home/manu/.gradle/wrapper/dists/gradle-1.12-all/2apkk7d25miauqf1pdjp1bm0uo/gradle-1.12/lib/plugins/gradle-javascript-1.12.jar
5e811000-5e813000 r--s 0000f000 00:18 2373552    /home/manu/.gradle/wrapper/dists/gradle-1.12-all/2apkk7d25miauqf1pdjp1bm0uo/gradle-1.12/lib/plugins/gradle-ear-1.12.jar
5e813000-5e817000 r--s 00025000 00:18 2373583    /home/manu/.gradle/wrapper/dists/gradle-1.12-all/2apkk7d25miauqf1pdjp1bm0uo/gradle-1.12/lib/plugins/bcpg-jdk15-1.46.jar
5e817000-5e81a000 r--s 00021000 00:18 2373550    /home/manu/.gradle/wrapper/dists/gradle-1.12-all/2apkk7d25miauqf1pdjp1bm0uo/gradle-1.12/lib/plugins/gradle-signing-1.12.jar
5e81a000-5e81b000 r--s 00002000 00:18 2373582    /home/manu/.gradle/wrapper/dists/gradle-1.12-all/2apkk7d25miauqf1pdjp1bm0uo/gradle-1.12/lib/plugins/sonar-batch-bootstrapper-2.9.jar
5e81b000-5e81c000 r--s 00007000 00:18 2373581    /home/manu/.gradle/wrapper/dists/gradle-1.12-all/2apkk7d25miauqf1pdjp1bm0uo/gradle-1.12/lib/plugins/sonar-runner-2.0.jar
5e81c000-5e81f000 r--s 00022000 00:18 2373549    /home/manu/.gradle/wrapper/dists/gradle-1.12-all/2apkk7d25miauqf1pdjp1bm0uo/gradle-1.12/lib/plugins/gradle-sonar-1.12.jar
5e81f000-5e822000 r--s 0001c000 00:18 2373548    /home/manu/.gradle/wrapper/dists/gradle-1.12-all/2apkk7d25miauqf1pdjp1bm0uo/gradle-1.12/lib/plugins/gradle-scala-1.12.jar
5e822000-5e824000 r--s 0000f000 00:18 2373547    /home/manu/.gradle/wrapper/dists/gradle-1.12-all/2apkk7d25miauqf1pdjp1bm0uo/gradle-1.12/lib/plugins/gradle-announce-1.12.jar
5e824000-5e831000 r--s 000cf000 00:18 2373546    /home/manu/.gradle/wrapper/dists/gradle-1.12-all/2apkk7d25miauqf1pdjp1bm0uo/gradle-1.12/lib/plugins/gradle-ide-1.12.jar
5e831000-5e833000 r--s 00000000 00:18 2373580    /home/manu/.gradle/wrapper/dists/gradle-1.12-all/2apkk7d25miauqf1pdjp1bm0uo/gradle-1.12/lib/plugins/plexus-component-annotations-1.5.2.jar
5e833000-5e836000 r--s 0000c000 00:18 2373579    /home/manu/.gradle/wrapper/dists/gradle-1.12-all/2apkk7d25miauqf1pdjp1bm0uo/gradle-1.12/lib/plugins/pmaven-groovy-0.8-20100325.jar
5e836000-5e837000 r--s 00004000 00:18 2373578    /home/manu/.gradle/wrapper/dists/gradle-1.12-all/2apkk7d25miauqf1pdjp1bm0uo/gradle-1.12/lib/plugins/pmaven-common-0.8-20100325.jar
5e837000-5e83c000 r--s 0001d000 00:18 2373545    /home/manu/.gradle/wrapper/dists/gradle-1.12-all/2apkk7d25miauqf1pdjp1bm0uo/gradle-1.12/lib/plugins/gradle-maven-1.12.jar
5e83c000-5e854000 r--s 0013b000 00:18 2373576    /home/manu/.gradle/wrapper/dists/gradle-1.12-all/2apkk7d25miauqf1pdjp1bm0uo/gradle-1.12/lib/plugins/bndlib-2.1.0.jar
5e854000-5e855000 r--s 00005000 00:18 2373544    /home/manu/.gradle/wrapper/dists/gradle-1.12-all/2apkk7d25miauqf1pdjp1bm0uo/gradle-1.12/lib/plugins/gradle-osgi-1.12.jar
5e855000-5e85a000 r--s 00068000 00:18 2373575    /home/manu/.gradle/wrapper/dists/gradle-1.12-all/2apkk7d25miauqf1pdjp1bm0uo/gradle-1.12/lib/plugins/antlr-2.7.7.jar
5e85a000-5e85b000 r--s 00002000 00:18 2373574    /home/manu/.gradle/wrapper/dists/gradle-1.12-all/2apkk7d25miauqf1pdjp1bm0uo/gradle-1.12/lib/plugins/ant-antlr-1.9.3.jar
5e85b000-5e85d000 r--s 00004000 00:18 2373543    /home/manu/.gradle/wrapper/dists/gradle-1.12-all/2apkk7d25miauqf1pdjp1bm0uo/gradle-1.12/lib/plugins/gradle-antlr-1.12.jar
5e85d000-5e860000 r--s 0001e000 00:18 2373595    /home/manu/.gradle/wrapper/dists/gradle-1.12-all/2apkk7d25miauqf1pdjp1bm0uo/gradle-1.12/lib/plugins/jsp-api-2.1-6.1.14.jar
5e860000-5e883000 r--s 00344000 00:18 2373594    /home/manu/.gradle/wrapper/dists/gradle-1.12-all/2apkk7d25miauqf1pdjp1bm0uo/gradle-1.12/lib/plugins/core-3.1.1.jar
5e883000-5e884000 r--s 00006000 00:18 2373593    /home/manu/.gradle/wrapper/dists/gradle-1.12-all/2apkk7d25miauqf1pdjp1bm0uo/gradle-1.12/lib/plugins/jetty-naming-6.1.25.jar
5e884000-5e886000 r--s 00002000 00:18 2373572    /home/manu/.gradle/wrapper/dists/gradle-1.12-all/2apkk7d25miauqf1pdjp1bm0uo/gradle-1.12/lib/plugins/jetty-annotations-6.1.25.jar
5e886000-5e897000 r--s 000ea000 00:18 2373571    /home/manu/.gradle/wrapper/dists/gradle-1.12-all/2apkk7d25miauqf1pdjp1bm0uo/gradle-1.12/lib/plugins/jsp-2.1-6.1.14.jar
5e897000-5e899000 r--s 0000d000 00:18 2373570    /home/manu/.gradle/wrapper/dists/gradle-1.12-all/2apkk7d25miauqf1pdjp1bm0uo/gradle-1.12/lib/plugins/jetty-plus-6.1.25.jar
5e899000-5e89b000 r--s 0001f000 00:18 2373569    /home/manu/.gradle/wrapper/dists/gradle-1.12-all/2apkk7d25miauqf1pdjp1bm0uo/gradle-1.12/lib/plugins/servlet-api-2.5-20081211.jar
5e89b000-5e89f000 r--s 00028000 00:18 2373568    /home/manu/.gradle/wrapper/dists/gradle-1.12-all/2apkk7d25miauqf1pdjp1bm0uo/gradle-1.12/lib/plugins/jetty-util-6.1.25.jar
5e89f000-5e8a6000 r--s 0007d000 00:18 2373567    /home/manu/.gradle/wrapper/dists/gradle-1.12-all/2apkk7d25miauqf1pdjp1bm0uo/gradle-1.12/lib/plugins/jetty-6.1.25.jar
5e8a6000-5e8a8000 r--s 00009000 00:18 2373542    /home/manu/.gradle/wrapper/dists/gradle-1.12-all/2apkk7d25miauqf1pdjp1bm0uo/gradle-1.12/lib/plugins/gradle-jetty-1.12.jar
5e8a8000-5e8ae000 r--s 0004c000 00:18 2373541    /home/manu/.gradle/wrapper/dists/gradle-1.12-all/2apkk7d25miauqf1pdjp1bm0uo/gradle-1.12/lib/plugins/gradle-code-quality-1.12.jar
5e8ae000-5e8b0000 r--s 00009000 00:18 2373599    /home/manu/.gradle/wrapper/dists/gradle-1.12-all/2apkk7d25miauqf1pdjp1bm0uo/gradle-1.12/lib/plugins/hamcrest-core-1.3.jar
5e8b0000-5e8b6000 r--s 00033000 00:18 2373592    /home/manu/.gradle/wrapper/dists/gradle-1.12-all/2apkk7d25miauqf1pdjp1bm0uo/gradle-1.12/lib/plugins/snakeyaml-1.6.jar
5e8b6000-5e8b8000 r--s 00006000 00:18 2373591    /home/manu/.gradle/wrapper/dists/gradle-1.12-all/2apkk7d25miauqf1pdjp1bm0uo/gradle-1.12/lib/plugins/jcommander-1.12.jar
5e8b8000-5e8bd000 r--s 00040000 00:18 2373590    /home/manu/.gradle/wrapper/dists/gradle-1.12-all/2apkk7d25miauqf1pdjp1bm0uo/gradle-1.12/lib/plugins/bsh-2.0b4.jar
5e8bd000-5e8bf000 r--s 00009000 00:18 2373566    /home/manu/.gradle/wrapper/dists/gradle-1.12-all/2apkk7d25miauqf1pdjp1bm0uo/gradle-1.12/lib/plugins/commons-cli-1.2.jar
5e8bf000-5e8c8000 r--s 00089000 00:18 2373565    /home/manu/.gradle/wrapper/dists/gradle-1.12-all/2apkk7d25miauqf1pdjp1bm0uo/gradle-1.12/lib/plugins/testng-6.3.1.jar
5e8c8000-5e8ce000 r--s 00036000 00:18 2373564    /home/manu/.gradle/wrapper/dists/gradle-1.12-all/2apkk7d25miauqf1pdjp1bm0uo/gradle-1.12/lib/plugins/junit-4.11.jar
5e8ce000-5e8e0000 r--s 000b4000 00:18 2373540    /home/manu/.gradle/wrapper/dists/gradle-1.12-all/2apkk7d25miauqf1pdjp1bm0uo/gradle-1.12/lib/plugins/gradle-plugins-1.12.jar
5e8e0000-5e8f8000 r--s 00115000 00:18 2373597    /home/manu/.gradle/wrapper/dists/gradle-1.12-all/2apkk7d25miauqf1pdjp1bm0uo/gradle-1.12/lib/plugins/xercesImpl-2.9.1.jar
5e8f8000-5e900000 r--s 00028000 00:18 2373598    /home/manu/.gradle/wrapper/dists/gradle-1.12-all/2apkk7d25miauqf1pdjp1bm0uo/gradle-1.12/lib/plugins/xml-apis-1.3.04.jar
5e900000-5e9fc000 rw-p 00000000 00:00 0 
5e9fc000-5ea00000 ---p 00000000 00:00 0 
5ea00000-5eaff000 rw-p 00000000 00:00 0 
5eaff000-5eb00000 ---p 00000000 00:00 0 
5eb00000-5ebfe000 rw-p 00000000 00:00 0 
5ebfe000-5ec00000 ---p 00000000 00:00 0 
5ec00000-5ec04000 r--s 0001d000 00:18 2373589    /home/manu/.gradle/wrapper/dists/gradle-1.12-all/2apkk7d25miauqf1pdjp1bm0uo/gradle-1.12/lib/plugins/xbean-reflect-3.4.jar
5ec04000-5ec07000 r--s 0001c000 00:18 2373588    /home/manu/.gradle/wrapper/dists/gradle-1.12-all/2apkk7d25miauqf1pdjp1bm0uo/gradle-1.12/lib/plugins/nekohtml-1.9.14.jar
5ec07000-5ec20000 r--s 00129000 00:18 2373577    /home/manu/.gradle/wrapper/dists/gradle-1.12-all/2apkk7d25miauqf1pdjp1bm0uo/gradle-1.12/lib/plugins/maven-ant-tasks-2.1.3.jar
5ec20000-5ec24000 r--s 0001e000 00:18 2373539    /home/manu/.gradle/wrapper/dists/gradle-1.12-all/2apkk7d25miauqf1pdjp1bm0uo/gradle-1.12/lib/plugins/jarjar-aether-impl-1.13.1.jar
5ec24000-5ec27000 r--s 00027000 00:18 2373538    /home/manu/.gradle/wrapper/dists/gradle-1.12-all/2apkk7d25miauqf1pdjp1bm0uo/gradle-1.12/lib/plugins/jarjar-maven-model-3.0.4.jar
5ec27000-5ec2a000 r--s 0000b000 00:18 2373537    /home/manu/.gradle/wrapper/dists/gradle-1.12-all/2apkk7d25miauqf1pdjp1bm0uo/gradle-1.12/lib/plugins/jarjar-maven-artifact-3.0.4.jar
5ec2a000-5ec2e000 r--s 0001e000 00:18 2373536    /home/manu/.gradle/wrapper/dists/gradle-1.12-all/2apkk7d25miauqf1pdjp1bm0uo/gradle-1.12/lib/plugins/jarjar-aether-util-1.13.1.jar
5ec2e000-5ec30000 r--s 00007000 00:18 2373535    /home/manu/.gradle/wrapper/dists/gradle-1.12-all/2apkk7d25miauqf1pdjp1bm0uo/gradle-1.12/lib/plugins/jarjar-wagon-http-shared4-2.4.jar
5ec30000-5ec3d000 r--s 00083000 00:18 2373534    /home/manu/.gradle/wrapper/dists/gradle-1.12-all/2apkk7d25miauqf1pdjp1bm0uo/gradle-1.12/lib/plugins/jarjar-maven-core-3.0.4.jar
5ec3d000-5ec3f000 r--s 00003000 00:18 2373533    /home/manu/.gradle/wrapper/dists/gradle-1.12-all/2apkk7d25miauqf1pdjp1bm0uo/gradle-1.12/lib/plugins/jarjar-aether-spi-1.13.1.jar
5ec3f000-5ec41000 r--s 00009000 00:18 2373532    /home/manu/.gradle/wrapper/dists/gradle-1.12-all/2apkk7d25miauqf1pdjp1bm0uo/gradle-1.12/lib/plugins/jarjar-maven-settings-builder-3.0.4.jar
5ec41000-5ec48000 r--s 00042000 00:18 2373529    /home/manu/.gradle/wrapper/dists/gradle-1.12-all/2apkk7d25miauqf1pdjp1bm0uo/gradle-1.12/lib/plugins/jarjar-maven-compat-3.0.4.jar
5ec48000-5ec60000 r--s 000b2000 00:18 2373563    /home/manu/.gradle/wrapper/dists/gradle-1.12-all/2apkk7d25miauqf1pdjp1bm0uo/gradle-1.12/lib/plugins/gradle-core-impl-1.12.jar
5ec60000-5ec71000 r-xp 00000000 08:06 1188121    /usr/lib/jvm/java-7-openjdk-i386/jre/lib/i386/libnio.so
5ec71000-5ec72000 r--p 00010000 08:06 1188121    /usr/lib/jvm/java-7-openjdk-i386/jre/lib/i386/libnio.so
5ec72000-5ec73000 rw-p 00011000 08:06 1188121    /usr/lib/jvm/java-7-openjdk-i386/jre/lib/i386/libnio.so
5ec73000-5ed7d000 r-xp 00000000 08:06 263188     /lib/i386-linux-gnu/libglib-2.0.so.0.4000.0
5ed7d000-5ed7e000 r--p 00109000 08:06 263188     /lib/i386-linux-gnu/libglib-2.0.so.0.4000.0
5ed7e000-5ed7f000 rw-p 0010a000 08:06 263188     /lib/i386-linux-gnu/libglib-2.0.so.0.4000.0
5ed7f000-5eefc000 r-xp 00000000 08:06 792159     /usr/lib/i386-linux-gnu/libgio-2.0.so.0.4000.0
5eefc000-5eefe000 r--p 0017c000 08:06 792159     /usr/lib/i386-linux-gnu/libgio-2.0.so.0.4000.0
5eefe000-5eeff000 rw-p 0017e000 08:06 792159     /usr/lib/i386-linux-gnu/libgio-2.0.so.0.4000.0
5eeff000-5ef00000 rw-p 00000000 00:00 0 
5ef00000-5f000000 rw-p 00000000 00:00 0 
5f000000-5f004000 r--s 00014000 00:18 2373531    /home/manu/.gradle/wrapper/dists/gradle-1.12-all/2apkk7d25miauqf1pdjp1bm0uo/gradle-1.12/lib/plugins/jarjar-aether-api-1.13.1.jar
5f004000-5f006000 r--s 00006000 00:18 2373528    /home/manu/.gradle/wrapper/dists/gradle-1.12-all/2apkk7d25miauqf1pdjp1bm0uo/gradle-1.12/lib/plugins/jarjar-aether-connector-wagon-1.13.1.jar
5f006000-5f008000 r--s 00000000 00:18 2373527    /home/manu/.gradle/wrapper/dists/gradle-1.12-all/2apkk7d25miauqf1pdjp1bm0uo/gradle-1.12/lib/plugins/jarjar-plexus-component-annotations-1.5.5.jar
5f008000-5f00a000 r--s 00006000 00:18 2373526    /home/manu/.gradle/wrapper/dists/gradle-1.12-all/2apkk7d25miauqf1pdjp1bm0uo/gradle-1.12/lib/plugins/jarjar-plexus-sec-dispatcher-1.3.jar
5f00a000-5f00f000 r--s 00022000 00:18 2373525    /home/manu/.gradle/wrapper/dists/gradle-1.12-all/2apkk7d25miauqf1pdjp1bm0uo/gradle-1.12/lib/plugins/jarjar-maven-model-builder-3.0.4.jar
5f00f000-5f035000 r--p 00000000 08:06 1320462    /usr/share/locale-langpack/es/LC_MESSAGES/libc.mo
5f035000-5f071000 r-xp 00000000 08:06 263260     /lib/i386-linux-gnu/libpcre.so.3.13.1
5f071000-5f072000 r--p 0003b000 08:06 263260     /lib/i386-linux-gnu/libpcre.so.3.13.1
5f072000-5f073000 rw-p 0003c000 08:06 263260     /lib/i386-linux-gnu/libpcre.so.3.13.1
5f073000-5f086000 r-xp 00000000 08:06 266602     /lib/i386-linux-gnu/libresolv-2.19.so
5f086000-5f087000 ---p 00013000 08:06 266602     /lib/i386-linux-gnu/libresolv-2.19.so
5f087000-5f088000 r--p 00013000 08:06 266602     /lib/i386-linux-gnu/libresolv-2.19.so
5f088000-5f089000 rw-p 00014000 08:06 266602     /lib/i386-linux-gnu/libresolv-2.19.so
5f089000-5f08b000 rw-p 00000000 00:00 0 
5f08b000-5f0ab000 r-xp 00000000 08:06 263287     /lib/i386-linux-gnu/libselinux.so.1
5f0ab000-5f0ac000 r--p 0001f000 08:06 263287     /lib/i386-linux-gnu/libselinux.so.1
5f0ac000-5f0ad000 rw-p 00020000 08:06 263287     /lib/i386-linux-gnu/libselinux.so.1
5f0ad000-5f0ae000 rw-p 00000000 00:00 0 
5f0ae000-5f0fe000 r-xp 00000000 08:06 792189     /usr/lib/i386-linux-gnu/libgobject-2.0.so.0.4000.0
5f0fe000-5f0ff000 r--p 0004f000 08:06 792189     /usr/lib/i386-linux-gnu/libgobject-2.0.so.0.4000.0
5f0ff000-5f100000 rw-p 00050000 08:06 792189     /usr/lib/i386-linux-gnu/libgobject-2.0.so.0.4000.0
5f100000-5f1ff000 rw-p 00000000 00:00 0 
5f1ff000-5f200000 ---p 00000000 00:00 0 
5f200000-5f201000 r--s 00002000 00:18 2373573    /home/manu/.gradle/wrapper/dists/gradle-1.12-all/2apkk7d25miauqf1pdjp1bm0uo/gradle-1.12/lib/plugins/geronimo-annotation_1.0_spec-1.0.jar
5f201000-5f203000 r--s 0000b000 00:18 2373524    /home/manu/.gradle/wrapper/dists/gradle-1.12-all/2apkk7d25miauqf1pdjp1bm0uo/gradle-1.12/lib/plugins/jarjar-maven-plugin-api-3.0.4.jar
5f203000-5f206000 r--s 0000a000 00:18 2373523    /home/manu/.gradle/wrapper/dists/gradle-1.12-all/2apkk7d25miauqf1pdjp1bm0uo/gradle-1.12/lib/plugins/jarjar-plexus-classworlds-2.4.jar
5f206000-5f20a000 r--s 00035000 00:18 2373522    /home/manu/.gradle/wrapper/dists/gradle-1.12-all/2apkk7d25miauqf1pdjp1bm0uo/gradle-1.12/lib/plugins/jarjar-plexus-utils-2.0.6.jar
5f20a000-5f20c000 r--s 0000e000 00:18 2373521    /home/manu/.gradle/wrapper/dists/gradle-1.12-all/2apkk7d25miauqf1pdjp1bm0uo/gradle-1.12/lib/plugins/jarjar-plexus-interpolation-1.14.jar
5f20c000-5f211000 r-xp 00000000 08:06 792056     /usr/lib/i386-linux-gnu/libffi.so.6.0.1
5f211000-5f212000 r--p 00005000 08:06 792056     /usr/lib/i386-linux-gnu/libffi.so.6.0.1
5f212000-5f213000 rw-p 00006000 08:06 792056     /usr/lib/i386-linux-gnu/libffi.so.6.0.1
5f213000-5f216000 r-xp 00000000 08:06 792173     /usr/lib/i386-linux-gnu/libgmodule-2.0.so.0.4000.0
5f216000-5f217000 r--p 00002000 08:06 792173     /usr/lib/i386-linux-gnu/libgmodule-2.0.so.0.4000.0
5f217000-5f218000 rw-p 00003000 08:06 792173     /usr/lib/i386-linux-gnu/libgmodule-2.0.so.0.4000.0
5f218000-5f219000 r--s 00002000 00:18 2373530    /home/manu/.gradle/wrapper/dists/gradle-1.12-all/2apkk7d25miauqf1pdjp1bm0uo/gradle-1.12/lib/plugins/jarjar-wagon-http-2.4.jar
5f219000-5f21b000 r--s 00002000 00:18 2373520    /home/manu/.gradle/wrapper/dists/gradle-1.12-all/2apkk7d25miauqf1pdjp1bm0uo/gradle-1.12/lib/plugins/jarjar-plexus-cipher-1.7.jar
5f21b000-5f21d000 r--s 0000c000 00:18 2373519    /home/manu/.gradle/wrapper/dists/gradle-1.12-all/2apkk7d25miauqf1pdjp1bm0uo/gradle-1.12/lib/plugins/jarjar-wagon-provider-api-2.4.jar
5f21d000-5f21f000 r--s 0000d000 00:18 2373518    /home/manu/.gradle/wrapper/dists/gradle-1.12-all/2apkk7d25miauqf1pdjp1bm0uo/gradle-1.12/lib/plugins/jarjar-maven-aether-provider-3.0.4.jar
5f21f000-5f227000 r--s 00031000 00:18 2373517    /home/manu/.gradle/wrapper/dists/gradle-1.12-all/2apkk7d25miauqf1pdjp1bm0uo/gradle-1.12/lib/plugins/jarjar-plexus-container-default-1.5.5.jar
5f227000-5f228000 r--s 00007000 00:18 2373516    /home/manu/.gradle/wrapper/dists/gradle-1.12-all/2apkk7d25miauqf1pdjp1bm0uo/gradle-1.12/lib/plugins/jarjar-maven-repository-metadata-3.0.4.jar
5f228000-5f229000 r--s 0000b000 00:18 2373515    /home/manu/.gradle/wrapper/dists/gradle-1.12-all/2apkk7d25miauqf1pdjp1bm0uo/gradle-1.12/lib/plugins/jarjar-maven-settings-3.0.4.jar
5f229000-5f230000 r--s 00000000 08:06 788876     /usr/lib/i386-linux-gnu/gconv/gconv-modules.cache
5f230000-5f247000 r-xp 00000000 08:06 1188114    /usr/lib/jvm/java-7-openjdk-i386/jre/lib/i386/libnet.so
5f247000-5f248000 r--p 00016000 08:06 1188114    /usr/lib/jvm/java-7-openjdk-i386/jre/lib/i386/libnet.so
5f248000-5f249000 rw-p 00017000 08:06 1188114    /usr/lib/jvm/java-7-openjdk-i386/jre/lib/i386/libnet.so
5f249000-5f24a000 r--s 00005000 00:18 2373451    /home/manu/.gradle/wrapper/dists/gradle-1.12-all/2apkk7d25miauqf1pdjp1bm0uo/gradle-1.12/lib/gradle-wrapper-1.12.jar
5f24a000-5f252000 r--s 0002a000 00:18 2373456    /home/manu/.gradle/wrapper/dists/gradle-1.12-all/2apkk7d25miauqf1pdjp1bm0uo/gradle-1.12/lib/gradle-tooling-api-1.12.jar
5f252000-5f254000 r--s 00005000 00:18 2373481    /home/manu/.gradle/wrapper/dists/gradle-1.12-all/2apkk7d25miauqf1pdjp1bm0uo/gradle-1.12/lib/gradle-open-api-1.12.jar
5f254000-5f25a000 r--s 00032000 00:18 2373483    /home/manu/.gradle/wrapper/dists/gradle-1.12-all/2apkk7d25miauqf1pdjp1bm0uo/gradle-1.12/lib/jaxen-1.1.jar
5f25a000-5f25f000 r--s 00048000 00:18 2373482    /home/manu/.gradle/wrapper/dists/gradle-1.12-all/2apkk7d25miauqf1pdjp1bm0uo/gradle-1.12/lib/dom4j-1.6.1.jar
5f25f000-5f26a000 r--s 0005b000 00:18 2373455    /home/manu/.gradle/wrapper/dists/gradle-1.12-all/2apkk7d25miauqf1pdjp1bm0uo/gradle-1.12/lib/gradle-ui-1.12.jar
5f26a000-5f26c000 r--s 00007000 00:18 2373509    /home/manu/.gradle/wrapper/dists/gradle-1.12-all/2apkk7d25miauqf1pdjp1bm0uo/gradle-1.12/lib/objenesis-1.2.jar
5f26c000-5f26e000 r--s 00000000 00:18 2373508    /home/manu/.gradle/wrapper/dists/gradle-1.12-all/2apkk7d25miauqf1pdjp1bm0uo/gradle-1.12/lib/minlog-1.2.jar
5f26e000-5f270000 r--s 0000f000 00:18 2373507    /home/manu/.gradle/wrapper/dists/gradle-1.12-all/2apkk7d25miauqf1pdjp1bm0uo/gradle-1.12/lib/reflectasm-1.07-shaded.jar
5f270000-5f272000 r--s 0000a000 00:18 2373513    /home/manu/.gradle/wrapper/dists/gradle-1.12-all/2apkk7d25miauqf1pdjp1bm0uo/gradle-1.12/lib/asm-4.0.jar
5f272000-5f276000 r--s 00026000 00:18 2373496    /home/manu/.gradle/wrapper/dists/gradle-1.12-all/2apkk7d25miauqf1pdjp1bm0uo/gradle-1.12/lib/kryo-2.20.jar
5f276000-5f27e000 r--s 00037000 00:18 2373477    /home/manu/.gradle/wrapper/dists/gradle-1.12-all/2apkk7d25miauqf1pdjp1bm0uo/gradle-1.12/lib/gradle-messaging-1.12.jar
5f27e000-5f27f000 r--s 00003000 00:18 2373504    /home/manu/.gradle/wrapper/dists/gradle-1.12-all/2apkk7d25miauqf1pdjp1bm0uo/gradle-1.12/lib/native-platform-freebsd-amd64-0.10.jar
5f27f000-5f280000 r--s 00003000 00:18 2373503    /home/manu/.gradle/wrapper/dists/gradle-1.12-all/2apkk7d25miauqf1pdjp1bm0uo/gradle-1.12/lib/native-platform-freebsd-i386-0.10.jar
5f280000-5f281000 r--s 00005000 00:18 2373502    /home/manu/.gradle/wrapper/dists/gradle-1.12-all/2apkk7d25miauqf1pdjp1bm0uo/gradle-1.12/lib/native-platform-windows-i386-0.10.jar
5f281000-5f282000 r--s 00005000 00:18 2373501    /home/manu/.gradle/wrapper/dists/gradle-1.12-all/2apkk7d25miauqf1pdjp1bm0uo/gradle-1.12/lib/native-platform-windows-amd64-0.10.jar
5f282000-5f283000 r--s 00003000 00:18 2373500    /home/manu/.gradle/wrapper/dists/gradle-1.12-all/2apkk7d25miauqf1pdjp1bm0uo/gradle-1.12/lib/native-platform-linux-i386-0.10.jar
5f283000-5f284000 r--s 00003000 00:18 2373499    /home/manu/.gradle/wrapper/dists/gradle-1.12-all/2apkk7d25miauqf1pdjp1bm0uo/gradle-1.12/lib/native-platform-linux-amd64-0.10.jar
5f284000-5f285000 r--s 00002000 00:18 2373498    /home/manu/.gradle/wrapper/dists/gradle-1.12-all/2apkk7d25miauqf1pdjp1bm0uo/gradle-1.12/lib/native-platform-osx-amd64-0.10.jar
5f285000-5f286000 r--s 00002000 00:18 2373497    /home/manu/.gradle/wrapper/dists/gradle-1.12-all/2apkk7d25miauqf1pdjp1bm0uo/gradle-1.12/lib/native-platform-osx-i386-0.10.jar
5f286000-5f288000 r--s 00008000 00:18 2373487    /home/manu/.gradle/wrapper/dists/gradle-1.12-all/2apkk7d25miauqf1pdjp1bm0uo/gradle-1.12/lib/jansi-1.2.1.jar
5f288000-5f28b000 r--s 00013000 00:18 2373486    /home/manu/.gradle/wrapper/dists/gradle-1.12-all/2apkk7d25miauqf1pdjp1bm0uo/gradle-1.12/lib/jna-posix-1.0.3.jar
5f28b000-5f28e000 r--s 0000d000 00:18 2373485    /home/manu/.gradle/wrapper/dists/gradle-1.12-all/2apkk7d25miauqf1pdjp1bm0uo/gradle-1.12/lib/native-platform-0.10.jar
5f28e000-5f292000 r--s 000e4000 00:18 2373484    /home/manu/.gradle/wrapper/dists/gradle-1.12-all/2apkk7d25miauqf1pdjp1bm0uo/gradle-1.12/lib/jna-3.2.7.jar
5f292000-5f294000 r--s 00009000 00:18 2373457    /home/manu/.gradle/wrapper/dists/gradle-1.12-all/2apkk7d25miauqf1pdjp1bm0uo/gradle-1.12/lib/gradle-native-1.12.jar
5f294000-5f295000 r--s 00006000 00:18 2373454    /home/manu/.gradle/wrapper/dists/gradle-1.12-all/2apkk7d25miauqf1pdjp1bm0uo/gradle-1.12/lib/gradle-cli-1.12.jar
5f295000-5f296000 r--s 00000000 00:18 2373462    /home/manu/.gradle/wrapper/dists/gradle-1.12-all/2apkk7d25miauqf1pdjp1bm0uo/gradle-1.12/lib/gradle-resources-1.12.jar
5f296000-5f298000 r--s 00000000 00:18 2373461    /home/manu/.gradle/wrapper/dists/gradle-1.12-all/2apkk7d25miauqf1pdjp1bm0uo/gradle-1.12/lib/gradle-base-services-groovy-1.12.jar
5f298000-5f299000 r--s 00000000 00:18 2373478    /home/manu/.gradle/wrapper/dists/gradle-1.12-all/2apkk7d25miauqf1pdjp1bm0uo/gradle-1.12/lib/gradle-docs-1.12.jar
5f299000-5f29f000 r--s 0005b000 00:18 2373495    /home/manu/.gradle/wrapper/dists/gradle-1.12-all/2apkk7d25miauqf1pdjp1bm0uo/gradle-1.12/lib/jcifs-1.3.17.jar
5f29f000-5f2a5000 r--s 00031000 00:18 2373494    /home/manu/.gradle/wrapper/dists/gradle-1.12-all/2apkk7d25miauqf1pdjp1bm0uo/gradle-1.12/lib/httpcore-4.2.2.jar
5f2a5000-5f2ab000 r--s 00033000 00:18 2373493    /home/manu/.gradle/wrapper/dists/gradle-1.12-all/2apkk7d25miauqf1pdjp1bm0uo/gradle-1.12/lib/commons-codec-1.6.jar
5f2ab000-5f2ad000 r--s 00026000 00:18 2373492    /home/manu/.gradle/wrapper/dists/gradle-1.12-all/2apkk7d25miauqf1pdjp1bm0uo/gradle-1.12/lib/http-builder-0.6.jar
5f2ad000-5f2af000 r--s 00013000 00:18 2373506    /home/manu/.gradle/wrapper/dists/gradle-1.12-all/2apkk7d25miauqf1pdjp1bm0uo/gradle-1.12/lib/xml-resolver-1.2.jar
5f2af000-5f2b3000 r--s 00022000 00:18 2373505    /home/manu/.gradle/wrapper/dists/gradle-1.12-all/2apkk7d25miauqf1pdjp1bm0uo/gradle-1.12/lib/json-lib-2.3-jdk15.jar
5f2b3000-5f2b6000 r--s 00013000 00:18 2373512    /home/manu/.gradle/wrapper/dists/gradle-1.12-all/2apkk7d25miauqf1pdjp1bm0uo/gradle-1.12/lib/ezmorph-1.0.6.jar
5f2b6000-5f2bb000 r--s 00034000 00:18 2373510    /home/manu/.gradle/wrapper/dists/gradle-1.12-all/2apkk7d25miauqf1pdjp1bm0uo/gradle-1.12/lib/commons-beanutils-1.8.0.jar
5f2bb000-5f2bd000 r--s 0000d000 00:18 2373511    /home/manu/.gradle/wrapper/dists/gradle-1.12-all/2apkk7d25miauqf1pdjp1bm0uo/gradle-1.12/lib/commons-logging-1.1.1.jar
5f2bd000-5f2be000 r--s 00001000 00:18 2373491    /home/manu/.gradle/wrapper/dists/gradle-1.12-all/2apkk7d25miauqf1pdjp1bm0uo/gradle-1.12/lib/bintray-client-java-api-0.1.0.jar
5f2be000-5f2cd000 r--s 0007f000 00:18 2373490    /home/manu/.gradle/wrapper/dists/gradle-1.12-all/2apkk7d25miauqf1pdjp1bm0uo/gradle-1.12/lib/joda-time-2.3.jar
5f2cd000-5f2d1000 r--s 0003d000 00:18 2373489    /home/manu/.gradle/wrapper/dists/gradle-1.12-all/2apkk7d25miauqf1pdjp1bm0uo/gradle-1.12/lib/jsch-0.1.51.jar
5f2d1000-5f2d3000 r--s 00003000 00:18 2373480    /home/manu/.gradle/wrapper/dists/gradle-1.12-all/2apkk7d25miauqf1pdjp1bm0uo/gradle-1.12/lib/jcl-over-slf4j-1.7.5.jar
5f2d3000-5f2d5000 r--s 00004000 00:18 2373479    /home/manu/.gradle/wrapper/dists/gradle-1.12-all/2apkk7d25miauqf1pdjp1bm0uo/gradle-1.12/lib/log4j-over-slf4j-1.7.5.jar
5f2d5000-5f2de000 r--s 00060000 00:18 2373476    /home/manu/.gradle/wrapper/dists/gradle-1.12-all/2apkk7d25miauqf1pdjp1bm0uo/gradle-1.12/lib/httpclient-4.2.2.jar
5f2de000-5f2e1000 r--s 0001b000 00:18 2373473    /home/manu/.gradle/wrapper/dists/gradle-1.12-all/2apkk7d25miauqf1pdjp1bm0uo/gradle-1.12/lib/jarjar-1.3.jar
5f2e1000-5f2e7000 r--s 0003b000 00:18 2373470    /home/manu/.gradle/wrapper/dists/gradle-1.12-all/2apkk7d25miauqf1pdjp1bm0uo/gradle-1.12/lib/logback-classic-1.0.13.jar
5f2e7000-5f2f1000 r--s 0005d000 00:18 2373469    /home/manu/.gradle/wrapper/dists/gradle-1.12-all/2apkk7d25miauqf1pdjp1bm0uo/gradle-1.12/lib/logback-core-1.0.13.jar
5f2f1000-5f300000 r--s 000d9000 00:18 2373468    /home/manu/.gradle/wrapper/dists/gradle-1.12-all/2apkk7d25miauqf1pdjp1bm0uo/gradle-1.12/lib/ivy-2.2.0.jar
5f300000-5f3f9000 rw-p 00000000 00:00 0 
5f3f9000-5f400000 ---p 00000000 00:00 0 
5f400000-5f401000 r--s 00009000 00:18 2373475    /home/manu/.gradle/wrapper/dists/gradle-1.12-all/2apkk7d25miauqf1pdjp1bm0uo/gradle-1.12/lib/bintray-client-java-impl-0.1.0.jar
5f401000-5f402000 r--s 00000000 00:18 2373474    /home/manu/.gradle/wrapper/dists/gradle-1.12-all/2apkk7d25miauqf1pdjp1bm0uo/gradle-1.12/lib/javax.inject-1.jar
5f402000-5f403000 r--s 00001000 00:18 2373472    /home/manu/.gradle/wrapper/dists/gradle-1.12-all/2apkk7d25miauqf1pdjp1bm0uo/gradle-1.12/lib/jul-to-slf4j-1.7.5.jar
5f403000-5f404000 r--s 00000000 00:18 2373471    /home/manu/.gradle/wrapper/dists/gradle-1.12-all/2apkk7d25miauqf1pdjp1bm0uo/gradle-1.12/lib/jcip-annotations-1.0.jar
5f404000-5f460000 r--s 00586000 00:18 2373460    /home/manu/.gradle/wrapper/dists/gradle-1.12-all/2apkk7d25miauqf1pdjp1bm0uo/gradle-1.12/lib/groovy-all-1.8.6.jar
5f460000-5f487000 r--s 001c3000 00:18 2373459    /home/manu/.gradle/wrapper/dists/gradle-1.12-all/2apkk7d25miauqf1pdjp1bm0uo/gradle-1.12/lib/guava-jdk5-14.0.1.jar
5f487000-5f488000 ---p 00000000 00:00 0 
5f488000-5f508000 rw-p 00000000 00:00 0          [stack:6254]
5f508000-5f50b000 ---p 00000000 00:00 0 
5f50b000-5f559000 rw-p 00000000 00:00 0          [stack:6253]
5f559000-5f55c000 ---p 00000000 00:00 0 
5f55c000-5f5da000 rw-p 00000000 00:00 0          [stack:6252]
5f5da000-5f5dd000 ---p 00000000 00:00 0 
5f5dd000-5f65b000 rw-p 00000000 00:00 0          [stack:6251]
5f65b000-5f65e000 ---p 00000000 00:00 0 
5f65e000-5f6ac000 rw-p 00000000 00:00 0          [stack:6250]
5f6ac000-5f7dd000 r--p 0032d000 08:06 795289     /usr/lib/locale/locale-archive
5f7dd000-5f9dd000 r--p 00000000 08:06 795289     /usr/lib/locale/locale-archive
5f9dd000-5f9e0000 ---p 00000000 00:00 0 
5f9e0000-5fa2e000 rw-p 00000000 00:00 0          [stack:6249]
5fa2e000-5fa31000 ---p 00000000 00:00 0 
5fa31000-5fa7f000 rw-p 00000000 00:00 0          [stack:6248]
5fa7f000-5fa80000 ---p 00000000 00:00 0 
5fa80000-5fb00000 rw-p 00000000 00:00 0          [stack:6247]
5fb00000-5fbff000 rw-p 00000000 00:00 0 
5fbff000-5fc00000 ---p 00000000 00:00 0 
5fc00000-5fc1f000 r--s 001cc000 00:18 2373464    /home/manu/.gradle/wrapper/dists/gradle-1.12-all/2apkk7d25miauqf1pdjp1bm0uo/gradle-1.12/lib/ant-1.9.3.jar
5fc1f000-5fc4f000 r--s 00191000 00:18 2373453    /home/manu/.gradle/wrapper/dists/gradle-1.12-all/2apkk7d25miauqf1pdjp1bm0uo/gradle-1.12/lib/gradle-core-1.12.jar
5fc4f000-5fe00000 r--s 01d21000 08:06 1064396    /usr/lib/jvm/java-7-openjdk-i386/jre/lib/rt.jar
5fe00000-62b00000 rw-p 00000000 00:00 0 
62b00000-62bfc000 rw-p 00000000 00:00 0 
62bfc000-62c00000 ---p 00000000 00:00 0 
62c00000-62c05000 r--s 00041000 00:18 2373467    /home/manu/.gradle/wrapper/dists/gradle-1.12-all/2apkk7d25miauqf1pdjp1bm0uo/gradle-1.12/lib/commons-lang-2.6.jar
62c05000-62c08000 r--s 00018000 00:18 2373466    /home/manu/.gradle/wrapper/dists/gradle-1.12-all/2apkk7d25miauqf1pdjp1bm0uo/gradle-1.12/lib/commons-io-1.4.jar
62c08000-62c16000 r--s 0007f000 00:18 2373465    /home/manu/.gradle/wrapper/dists/gradle-1.12-all/2apkk7d25miauqf1pdjp1bm0uo/gradle-1.12/lib/commons-collections-3.2.1.jar
62c16000-62c1b000 r--s 00035000 00:18 2373463    /home/manu/.gradle/wrapper/dists/gradle-1.12-all/2apkk7d25miauqf1pdjp1bm0uo/gradle-1.12/lib/asm-all-5.0_BETA.jar
62c1b000-62c1d000 r--s 00005000 00:18 2373458    /home/manu/.gradle/wrapper/dists/gradle-1.12-all/2apkk7d25miauqf1pdjp1bm0uo/gradle-1.12/lib/slf4j-api-1.7.5.jar
62c1d000-62c24000 r--s 00037000 00:18 2373450    /home/manu/.gradle/wrapper/dists/gradle-1.12-all/2apkk7d25miauqf1pdjp1bm0uo/gradle-1.12/lib/gradle-launcher-1.12.jar
62c24000-62c7f000 rw-p 00000000 00:00 0 
62c7f000-62c80000 ---p 00000000 00:00 0 
62c80000-62d00000 rw-p 00000000 00:00 0          [stack:6246]
62d00000-62d26000 rw-p 00000000 00:00 0 
62d26000-62e00000 ---p 00000000 00:00 0 
62e00000-62e01000 r--s 00004000 00:18 2373488    /home/manu/.gradle/wrapper/dists/gradle-1.12-all/2apkk7d25miauqf1pdjp1bm0uo/gradle-1.12/lib/ant-launcher-1.9.3.jar
62e01000-62e68000 rw-p 00000000 00:00 0 
62e68000-62e69000 ---p 00000000 00:00 0 
62e69000-62f00000 rw-p 00000000 00:00 0          [stack:6245]
62f00000-62f69000 rw-p 00000000 00:00 0 
62f69000-62f7c000 rw-p 00000000 00:00 0 
62f7c000-630bf000 rw-p 00000000 00:00 0 
630bf000-630d6000 rw-p 00000000 00:00 0 
630d6000-6313f000 rw-p 00000000 00:00 0 
6313f000-63152000 rw-p 00000000 00:00 0 
63152000-63294000 rw-p 00000000 00:00 0 
63294000-6333f000 rw-p 00000000 00:00 0 
6333f000-660c0000 rw-p 00000000 00:00 0 
660c0000-73340000 rw-p 00000000 00:00 0 
73340000-75840000 rw-p 00000000 00:00 0 
77280000-9ddc0000 rw-p 00000000 00:00 0 
9ddc0000-b3340000 rw-p 00000000 00:00 0 
b3340000-b3350000 rw-p 00000000 00:00 0 
b3350000-b3400000 rw-p 00000000 00:00 0 
b3400000-b37f8000 rwxp 00000000 00:00 0 
b37f8000-b64fd000 rw-p 00000000 00:00 0 
b64fd000-b6500000 ---p 00000000 00:00 0 
b6500000-b6505000 r--s 00024000 00:18 2373452    /home/manu/.gradle/wrapper/dists/gradle-1.12-all/2apkk7d25miauqf1pdjp1bm0uo/gradle-1.12/lib/gradle-base-services-1.12.jar
b6505000-b6508000 r--s 0003c000 08:06 1048592    /usr/lib/jvm/java-7-openjdk-i386/jre/lib/ext/sunpkcs11.jar
b6508000-b650c000 r--s 00085000 08:06 1048591    /usr/lib/jvm/java-7-openjdk-i386/jre/lib/ext/localedata.jar
b650c000-b6517000 r-xp 00000000 08:06 262160     /lib/i386-linux-gnu/libnss_files-2.19.so
b6517000-b6518000 r--p 0000a000 08:06 262160     /lib/i386-linux-gnu/libnss_files-2.19.so
b6518000-b6519000 rw-p 0000b000 08:06 262160     /lib/i386-linux-gnu/libnss_files-2.19.so
b6519000-b6523000 r-xp 00000000 08:06 266794     /lib/i386-linux-gnu/libnss_nis-2.19.so
b6523000-b6524000 r--p 00009000 08:06 266794     /lib/i386-linux-gnu/libnss_nis-2.19.so
b6524000-b6525000 rw-p 0000a000 08:06 266794     /lib/i386-linux-gnu/libnss_nis-2.19.so
b6525000-b653a000 r-xp 00000000 08:06 266791     /lib/i386-linux-gnu/libnsl-2.19.so
b653a000-b653b000 r--p 00015000 08:06 266791     /lib/i386-linux-gnu/libnsl-2.19.so
b653b000-b653c000 rw-p 00016000 08:06 266791     /lib/i386-linux-gnu/libnsl-2.19.so
b653c000-b653e000 rw-p 00000000 00:00 0 
b653e000-b6545000 r-xp 00000000 08:06 262170     /lib/i386-linux-gnu/libnss_compat-2.19.so
b6545000-b6546000 r--p 00006000 08:06 262170     /lib/i386-linux-gnu/libnss_compat-2.19.so
b6546000-b6547000 rw-p 00007000 08:06 262170     /lib/i386-linux-gnu/libnss_compat-2.19.so
b6547000-b654a000 r--s 00032000 08:06 1048590    /usr/lib/jvm/java-7-openjdk-i386/jre/lib/ext/sunjce_provider.jar
b654a000-b654d000 r--s 0000f000 08:06 1048588    /usr/lib/jvm/java-7-openjdk-i386/jre/lib/ext/pulse-java.jar
b654d000-b6555000 r-xp 00000000 08:06 1188109    /usr/lib/jvm/java-7-openjdk-i386/jre/lib/i386/libzip.so
b6555000-b6556000 r--p 00007000 08:06 1188109    /usr/lib/jvm/java-7-openjdk-i386/jre/lib/i386/libzip.so
b6556000-b6557000 rw-p 00008000 08:06 1188109    /usr/lib/jvm/java-7-openjdk-i386/jre/lib/i386/libzip.so
b6557000-b655f000 rw-s 00000000 08:06 1312011    /tmp/hsperfdata_manu/6241
b655f000-b6586000 r-xp 00000000 08:06 1188105    /usr/lib/jvm/java-7-openjdk-i386/jre/lib/i386/libjava.so
b6586000-b6587000 r--p 00026000 08:06 1188105    /usr/lib/jvm/java-7-openjdk-i386/jre/lib/i386/libjava.so
b6587000-b6588000 rw-p 00027000 08:06 1188105    /usr/lib/jvm/java-7-openjdk-i386/jre/lib/i386/libjava.so
b6588000-b658f000 r-xp 00000000 08:06 266654     /lib/i386-linux-gnu/librt-2.19.so
b658f000-b6590000 r--p 00006000 08:06 266654     /lib/i386-linux-gnu/librt-2.19.so
b6590000-b6591000 rw-p 00007000 08:06 266654     /lib/i386-linux-gnu/librt-2.19.so
b6591000-b6594000 ---p 00000000 00:00 0 
b6594000-b65e2000 rw-p 00000000 00:00 0          [stack:6244]
b65e2000-b65fe000 r-xp 00000000 08:06 263294     /lib/i386-linux-gnu/libgcc_s.so.1
b65fe000-b65ff000 rw-p 0001b000 08:06 263294     /lib/i386-linux-gnu/libgcc_s.so.1
b65ff000-b6643000 r-xp 00000000 08:06 266792     /lib/i386-linux-gnu/libm-2.19.so
b6643000-b6644000 r--p 00043000 08:06 266792     /lib/i386-linux-gnu/libm-2.19.so
b6644000-b6645000 rw-p 00044000 08:06 266792     /lib/i386-linux-gnu/libm-2.19.so
b6645000-b6721000 r-xp 00000000 08:06 792682     /usr/lib/i386-linux-gnu/libstdc++.so.6.0.19
b6721000-b6722000 ---p 000dc000 08:06 792682     /usr/lib/i386-linux-gnu/libstdc++.so.6.0.19
b6722000-b6726000 r--p 000dc000 08:06 792682     /usr/lib/i386-linux-gnu/libstdc++.so.6.0.19
b6726000-b6727000 rw-p 000e0000 08:06 792682     /usr/lib/i386-linux-gnu/libstdc++.so.6.0.19
b6727000-b672e000 rw-p 00000000 00:00 0 
b672e000-b7119000 r-xp 00000000 08:06 1733096    /usr/lib/jvm/java-7-openjdk-i386/jre/lib/i386/server/libjvm.so
b7119000-b716b000 r--p 009ea000 08:06 1733096    /usr/lib/jvm/java-7-openjdk-i386/jre/lib/i386/server/libjvm.so
b716b000-b717f000 rw-p 00a3c000 08:06 1733096    /usr/lib/jvm/java-7-openjdk-i386/jre/lib/i386/server/libjvm.so
b717f000-b759d000 rw-p 00000000 00:00 0 
b759d000-b75b5000 r-xp 00000000 08:06 263320     /lib/i386-linux-gnu/libz.so.1.2.8
b75b5000-b75b6000 r--p 00017000 08:06 263320     /lib/i386-linux-gnu/libz.so.1.2.8
b75b6000-b75b7000 rw-p 00018000 08:06 263320     /lib/i386-linux-gnu/libz.so.1.2.8
b75b7000-b75cf000 r-xp 00000000 08:06 266805     /lib/i386-linux-gnu/libpthread-2.19.so
b75cf000-b75d0000 r--p 00017000 08:06 266805     /lib/i386-linux-gnu/libpthread-2.19.so
b75d0000-b75d1000 rw-p 00018000 08:06 266805     /lib/i386-linux-gnu/libpthread-2.19.so
b75d1000-b75d3000 rw-p 00000000 00:00 0 
b75d3000-b75d6000 r-xp 00000000 08:06 266807     /lib/i386-linux-gnu/libdl-2.19.so
b75d6000-b75d7000 r--p 00002000 08:06 266807     /lib/i386-linux-gnu/libdl-2.19.so
b75d7000-b75d8000 rw-p 00003000 08:06 266807     /lib/i386-linux-gnu/libdl-2.19.so
b75d8000-b7781000 r-xp 00000000 08:06 266797     /lib/i386-linux-gnu/libc-2.19.so
b7781000-b7782000 ---p 001a9000 08:06 266797     /lib/i386-linux-gnu/libc-2.19.so
b7782000-b7784000 r--p 001a9000 08:06 266797     /lib/i386-linux-gnu/libc-2.19.so
b7784000-b7785000 rw-p 001ab000 08:06 266797     /lib/i386-linux-gnu/libc-2.19.so
b7785000-b7788000 rw-p 00000000 00:00 0 
b7788000-b7789000 r--s 00002000 08:06 1048593    /usr/lib/jvm/java-7-openjdk-i386/jre/lib/ext/dnsns.jar
b7789000-b778b000 r--s 00006000 08:06 1196635    /usr/share/java/java-atk-wrapper.jar
b778b000-b778d000 r--s 00012000 08:06 1048589    /usr/lib/jvm/java-7-openjdk-i386/jre/lib/ext/zipfs.jar
b778d000-b778e000 r--p 00462000 08:06 795289     /usr/lib/locale/locale-archive
b778e000-b778f000 rw-p 00000000 00:00 0 
b778f000-b7790000 ---p 00000000 00:00 0 
b7790000-b779e000 r-xp 00000000 08:06 1188134    /usr/lib/jvm/java-7-openjdk-i386/jre/lib/i386/libverify.so
b779e000-b779f000 r--p 0000d000 08:06 1188134    /usr/lib/jvm/java-7-openjdk-i386/jre/lib/i386/libverify.so
b779f000-b77a0000 rw-p 0000e000 08:06 1188134    /usr/lib/jvm/java-7-openjdk-i386/jre/lib/i386/libverify.so
b77a0000-b77ac000 r-xp 00000000 08:06 1869365    /usr/lib/jvm/java-7-openjdk-i386/jre/lib/i386/jli/libjli.so
b77ac000-b77ad000 r--p 0000c000 08:06 1869365    /usr/lib/jvm/java-7-openjdk-i386/jre/lib/i386/jli/libjli.so
b77ad000-b77ae000 rw-p 0000d000 08:06 1869365    /usr/lib/jvm/java-7-openjdk-i386/jre/lib/i386/jli/libjli.so
b77ae000-b77b1000 rw-p 00000000 00:00 0 
b77b1000-b77b2000 r-xp 00000000 00:00 0          [vdso]
b77b2000-b77d2000 r-xp 00000000 08:06 266806     /lib/i386-linux-gnu/ld-2.19.so
b77d2000-b77d3000 r--p 0001f000 08:06 266806     /lib/i386-linux-gnu/ld-2.19.so
b77d3000-b77d4000 rw-p 00020000 08:06 266806     /lib/i386-linux-gnu/ld-2.19.so
bfafb000-bfafc000 rwxp 00000000 00:00 0 
bfb2d000-bfb4f000 rw-p 00000000 00:00 0          [stack]

VM Arguments:
jvm_args: -XX:MaxPermSize=256m -XX:+HeapDumpOnOutOfMemoryError -Xmx1024m -Dfile.encoding=UTF-8 
java_command: org.gradle.launcher.daemon.bootstrap.GradleDaemon 1.12 /home/manu/.gradle/daemon 10800000 8d1e350a-e9f5-4c56-aa06-191080283193 -XX:MaxPermSize=256m -XX:+HeapDumpOnOutOfMemoryError -Xmx1024m -Dfile.encoding=UTF-8
Launcher Type: SUN_STANDARD

Environment Variables:
CLASSPATH=./../lib/bootstrap.jar:./../lib/extensions.jar:./../lib/util.jar:./../lib/jdom.jar:./../lib/log4j.jar:./../lib/trove4j.jar:./../lib/jna.jar:/usr/lib/jvm/java-7-oracle/lib/tools.jar
PATH=/home/manu/Android/android-sdk-linux/tools:/home/manu/Android/android-sdk-linux/platform-tools:/usr/local/sbin:/usr/local/bin:/usr/sbin:/usr/bin:/sbin:/bin:/usr/games:/usr/local/games:/usr/bin/ant/bin
LD_LIBRARY_PATH=.:
SHELL=/bin/bash
DISPLAY=:0

Signal Handlers:
SIGSEGV: [libjvm.so+0x80a0f0], sa_mask[0]=0x7ffbfeff, sa_flags=0x10000004
SIGBUS: [libjvm.so+0x80a0f0], sa_mask[0]=0x7ffbfeff, sa_flags=0x10000004
SIGFPE: [libjvm.so+0x683f80], sa_mask[0]=0x7ffbfeff, sa_flags=0x10000004
SIGPIPE: [libjvm.so+0x683f80], sa_mask[0]=0x7ffbfeff, sa_flags=0x10000004
SIGXFSZ: [libjvm.so+0x683f80], sa_mask[0]=0x7ffbfeff, sa_flags=0x10000004
SIGILL: [libjvm.so+0x683f80], sa_mask[0]=0x7ffbfeff, sa_flags=0x10000004
SIGUSR1: SIG_DFL, sa_mask[0]=0x00000000, sa_flags=0x00000000
SIGUSR2: [libjvm.so+0x683e10], sa_mask[0]=0x00000004, sa_flags=0x10000004
SIGHUP: [libjvm.so+0x684040], sa_mask[0]=0x7ffbfeff, sa_flags=0x10000004
SIGINT: [libjvm.so+0x684040], sa_mask[0]=0x7ffbfeff, sa_flags=0x10000004
SIGTERM: [libjvm.so+0x684040], sa_mask[0]=0x7ffbfeff, sa_flags=0x10000004
SIGQUIT: [libjvm.so+0x684040], sa_mask[0]=0x7ffbfeff, sa_flags=0x10000004
SIGTRAP: SIG_DFL, sa_mask[0]=0x00000000, sa_flags=0x00000000


---------------  S Y S T E M  ---------------

OS:Ubuntu 14.04 (trusty)
uname:Linux 3.13.0-37-generic #64-Ubuntu SMP Mon Sep 22 21:30:01 UTC 2014 i686
libc:glibc 2.19 NPTL 2.19 
rlimit: STACK 8192k, CORE 0k, NPROC 15366, NOFILE 4096, AS infinity
load average:1,09 0,75 0,78

/proc/meminfo:
MemTotal:        1993548 kB
MemFree:          130184 kB
Buffers:             644 kB
Cached:           199788 kB
SwapCached:            0 kB
Active:          1589544 kB
Inactive:         190288 kB
Active(anon):    1580604 kB
Inactive(anon):   179464 kB
Active(file):       8940 kB
Inactive(file):    10824 kB
Unevictable:          32 kB
Mlocked:              32 kB
HighTotal:       1112444 kB
HighFree:          23144 kB
LowTotal:         881104 kB
LowFree:          107040 kB
SwapTotal:             0 kB
SwapFree:              0 kB
Dirty:               496 kB
Writeback:             0 kB
AnonPages:       1579548 kB
Mapped:            31076 kB
Shmem:            180552 kB
Slab:              40524 kB
SReclaimable:      16628 kB
SUnreclaim:        23896 kB
KernelStack:        3672 kB
PageTables:        11068 kB
NFS_Unstable:          0 kB
Bounce:                0 kB
WritebackTmp:          0 kB
CommitLimit:      996772 kB
Committed_AS:    4368592 kB
VmallocTotal:     122880 kB
VmallocUsed:       17024 kB
VmallocChunk:     100832 kB
HardwareCorrupted:     0 kB
AnonHugePages:    540672 kB
HugePages_Total:       0
HugePages_Free:        0
HugePages_Rsvd:        0
HugePages_Surp:        0
Hugepagesize:       2048 kB
DirectMap4k:       36856 kB
DirectMap2M:      876544 kB


CPU:total 2 (2 cores per cpu, 1 threads per core) family 6 model 23 stepping 10, cmov, cx8, fxsr, mmx, sse, sse2, sse3, ssse3, tsc

/proc/cpuinfo:
processor	: 0
vendor_id	: GenuineIntel
cpu family	: 6
model		: 23
model name	: Celeron(R) Dual-Core CPU       T3000  @ 1.80GHz
stepping	: 10
microcode	: 0xa07
cpu MHz		: 1795.648
cache size	: 1024 KB
physical id	: 0
siblings	: 2
core id		: 0
cpu cores	: 2
apicid		: 0
initial apicid	: 0
fdiv_bug	: no
f00f_bug	: no
coma_bug	: no
fpu		: yes
fpu_exception	: yes
cpuid level	: 13
wp		: yes
flags		: fpu vme de pse tsc msr pae mce cx8 apic sep mtrr pge mca cmov pat pse36 clflush dts acpi mmx fxsr sse sse2 ss ht tm pbe nx lm constant_tsc arch_perfmon pebs bts aperfmperf pni dtes64 monitor ds_cpl tm2 ssse3 cx16 xtpr pdcm xsave lahf_lm dtherm
bogomips	: 3591.29
clflush size	: 64
cache_alignment	: 64
address sizes	: 36 bits physical, 48 bits virtual
power management:

processor	: 1
vendor_id	: GenuineIntel
cpu family	: 6
model		: 23
model name	: Celeron(R) Dual-Core CPU       T3000  @ 1.80GHz
stepping	: 10
microcode	: 0xa07
cpu MHz		: 1795.648
cache size	: 1024 KB
physical id	: 0
siblings	: 2
core id		: 1
cpu cores	: 2
apicid		: 1
initial apicid	: 1
fdiv_bug	: no
f00f_bug	: no
coma_bug	: no
fpu		: yes
fpu_exception	: yes
cpuid level	: 13
wp		: yes
flags		: fpu vme de pse tsc msr pae mce cx8 apic sep mtrr pge mca cmov pat pse36 clflush dts acpi mmx fxsr sse sse2 ss ht tm pbe nx lm constant_tsc arch_perfmon pebs bts aperfmperf pni dtes64 monitor ds_cpl tm2 ssse3 cx16 xtpr pdcm xsave lahf_lm dtherm
bogomips	: 3591.29
clflush size	: 64
cache_alignment	: 64
address sizes	: 36 bits physical, 48 bits virtual
power management:



Memory: 4k page, physical 1993548k(130184k free), swap 0k(0k free)

vm_info: OpenJDK Server VM (24.65-b04) for linux-x86 JRE (1.7.0_65-b32), built on Sep 10 2014 05:56:58 by "buildd" with gcc 4.8.2

time: Sun Oct 12 23:07:37 2014
elapsed time: 852 seconds

